Init'ed and set active container to cp_9915ff46-0936-4b15-ab04-e249795a458f
Uploaded testrig. Parsing now.
. . . . . . 
Status: SUCCESS
Question: null
{
  "class" : "org.batfish.datamodel.answers.ParseVendorConfigurationAnswerElement",
  "warnings" : { }
}
{
  "class" : "org.batfish.datamodel.answers.ParseVendorConfigurationAnswerElement",
  "warnings" : { }
}
{
  "class" : "org.batfish.datamodel.answers.ConvertConfigurationAnswerElement",
  "warnings" : {
    "as1border1" : {
      "Red flags" : {
        "1" : "MISCELLANEOUS: Could not determine update source for BGP neighbor: '3.2.2.2'",
        "2" : "MISCELLANEOUS: Could not determine update source for BGP neighbor: '5.6.7.8'",
        "3" : "UNUSED: Unused route-map: 'as1_to_as3'",
        "4" : "UNUSED: Unused route-map: 'as3_to_as1'",
        "5" : "UNUSED: Unused prefix-list: 'inbound_route_filter'",
        "6" : "UNUSED: Unused expanded community-list: 'as1_community'"
      }
    },
    "as1border2" : {
      "Red flags" : {
        "1" : "UNUSED: Unused route-map: 'as1_to_as2'",
        "2" : "UNUSED: Unused route-map: 'as2_to_as1'",
        "3" : "UNUSED: Unused prefix-list: 'inbound_route_filter'",
        "4" : "UNUSED: Unused expanded community-list: 'as1_community'"
      }
    },
    "as2border1" : {
      "Red flags" : {
        "1" : "UNUSED: Unused route-map: 'as2_to_as3'",
        "2" : "UNUSED: Unused route-map: 'as3_to_as2'",
        "3" : "UNUSED: Unused prefix-list: 'inbound_route_filter'",
        "4" : "UNUSED: Unused expanded community-list: 'as2_community'"
      }
    },
    "as2border2" : {
      "Red flags" : {
        "1" : "UNUSED: Unused route-map: 'as1_to_as2'",
        "2" : "UNUSED: Unused route-map: 'as2_to_as1'",
        "3" : "UNUSED: Unused prefix-list: 'inbound_route_filter'",
        "4" : "UNUSED: Unused expanded community-list: 'as2_community'"
      }
    },
    "as2core2" : {
      "Red flags" : {
        "1" : "UNDEFINED: neighbor: '2.1.1.1': group: 'as2': undefined reference to inbound policy map: 'filter-bogons'",
        "2" : "UNDEFINED: neighbor: '2.1.3.1': group: 'as2': undefined reference to inbound policy map: 'filter-bogons'",
        "3" : "UNDEFINED: neighbor: '2.1.1.2': group: 'as2': undefined reference to inbound policy map: 'filter-bogons'",
        "4" : "UNDEFINED: neighbor: '2.1.3.2': group: 'as2': undefined reference to inbound policy map: 'filter-bogons'"
      }
    },
    "as2dept1" : {
      "Red flags" : {
        "1" : "UNUSED: Unused extended access-list: '105'",
        "2" : "UNUSED: Unused extended access-list: 'RESTRICT_HOST_TRAFFIC_OUT'"
      }
    },
    "as2dist1" : {
      "Red flags" : {
        "1" : "UNUSED: Unused extended access-list: '102'"
      }
    },
    "as2dist2" : {
      "Red flags" : {
        "1" : "UNUSED: Unused extended access-list: '102'"
      }
    },
    "as3border1" : {
      "Red flags" : {
        "1" : "UNUSED: Unused route-map: 'as1_to_as3'",
        "2" : "UNUSED: Unused route-map: 'as3_to_as1'",
        "3" : "UNUSED: Unused prefix-list: 'inbound_route_filter'",
        "4" : "UNUSED: Unused expanded community-list: 'as3_community'"
      }
    },
    "as3border2" : {
      "Red flags" : {
        "1" : "UNUSED: Unused route-map: 'as2_to_as3'",
        "2" : "UNUSED: Unused route-map: 'as3_to_as2'",
        "3" : "UNUSED: Unused prefix-list: 'inbound_route_filter'",
        "4" : "UNUSED: Unused expanded community-list: 'as3_community'"
      }
    }
  }
}
Base testrig is now tr_a47d9177-7db9-4460-92d5-84d9c50f70fd
Generating dataplane now
. . . . . . . . . . . . . . . . . . . 
Status: SUCCESS
Question: null
Generated dataplane
. 
Status: SUCCESS
Question: neighbors node1Regex=.* | node2Regex=.* | neighborType=[]
{
  "class" : "org.batfish.datamodel.answers.NeighborsAnswerElement",
  "lanNeighbors" : [ {
    "node1" : "as1border1",
    "node1interface" : "FastEthernet0/0",
    "node2" : "as1core1",
    "node2interface" : "FastEthernet0/0"
  }, {
    "node1" : "as1border1",
    "node1interface" : "FastEthernet0/1",
    "node2" : "as2border1",
    "node2interface" : "FastEthernet0/0"
  }, {
    "node1" : "as1border2",
    "node1interface" : "FastEthernet0/0",
    "node2" : "as1core1",
    "node2interface" : "FastEthernet0/1"
  }, {
    "node1" : "as1border2",
    "node1interface" : "FastEthernet0/1",
    "node2" : "as3border2",
    "node2interface" : "FastEthernet0/1"
  }, {
    "node1" : "as1core1",
    "node1interface" : "FastEthernet0/0",
    "node2" : "as1border1",
    "node2interface" : "FastEthernet0/0"
  }, {
    "node1" : "as1core1",
    "node1interface" : "FastEthernet0/1",
    "node2" : "as1border2",
    "node2interface" : "FastEthernet0/0"
  }, {
    "node1" : "as2border1",
    "node1interface" : "FastEthernet0/0",
    "node2" : "as1border1",
    "node2interface" : "FastEthernet0/1"
  }, {
    "node1" : "as2border1",
    "node1interface" : "FastEthernet0/1",
    "node2" : "as2core1",
    "node2interface" : "FastEthernet0/0"
  }, {
    "node1" : "as2border1",
    "node1interface" : "FastEthernet1/0",
    "node2" : "as2core2",
    "node2interface" : "FastEthernet0/1"
  }, {
    "node1" : "as2border2",
    "node1interface" : "FastEthernet0/0",
    "node2" : "as3border1",
    "node2interface" : "FastEthernet0/0"
  }, {
    "node1" : "as2border2",
    "node1interface" : "FastEthernet0/1",
    "node2" : "as2core1",
    "node2interface" : "FastEthernet0/1"
  }, {
    "node1" : "as2border2",
    "node1interface" : "FastEthernet1/0",
    "node2" : "as2core2",
    "node2interface" : "FastEthernet0/0"
  }, {
    "node1" : "as2core1",
    "node1interface" : "FastEthernet0/0",
    "node2" : "as2border1",
    "node2interface" : "FastEthernet0/1"
  }, {
    "node1" : "as2core1",
    "node1interface" : "FastEthernet0/1",
    "node2" : "as2border2",
    "node2interface" : "FastEthernet0/1"
  }, {
    "node1" : "as2core1",
    "node1interface" : "FastEthernet1/0",
    "node2" : "as2dist2",
    "node2interface" : "FastEthernet0/1"
  }, {
    "node1" : "as2core1",
    "node1interface" : "FastEthernet2/0",
    "node2" : "as2dist1",
    "node2interface" : "FastEthernet0/1"
  }, {
    "node1" : "as2core2",
    "node1interface" : "FastEthernet0/0",
    "node2" : "as2border2",
    "node2interface" : "FastEthernet1/0"
  }, {
    "node1" : "as2core2",
    "node1interface" : "FastEthernet0/1",
    "node2" : "as2border1",
    "node2interface" : "FastEthernet1/0"
  }, {
    "node1" : "as2core2",
    "node1interface" : "FastEthernet1/0",
    "node2" : "as2dist1",
    "node2interface" : "FastEthernet0/0"
  }, {
    "node1" : "as2core2",
    "node1interface" : "FastEthernet2/0",
    "node2" : "as2dist2",
    "node2interface" : "FastEthernet0/0"
  }, {
    "node1" : "as2dept1",
    "node1interface" : "FastEthernet0/0",
    "node2" : "as2dist1",
    "node2interface" : "FastEthernet1/0"
  }, {
    "node1" : "as2dept1",
    "node1interface" : "FastEthernet0/1",
    "node2" : "as2dist2",
    "node2interface" : "FastEthernet1/0"
  }, {
    "node1" : "as2dept1",
    "node1interface" : "FastEthernet1/0",
    "node2" : "host1",
    "node2interface" : "eth0"
  }, {
    "node1" : "as2dept1",
    "node1interface" : "FastEthernet1/1",
    "node2" : "host2",
    "node2interface" : "eth0"
  }, {
    "node1" : "as2dist1",
    "node1interface" : "FastEthernet0/0",
    "node2" : "as2core2",
    "node2interface" : "FastEthernet1/0"
  }, {
    "node1" : "as2dist1",
    "node1interface" : "FastEthernet0/1",
    "node2" : "as2core1",
    "node2interface" : "FastEthernet2/0"
  }, {
    "node1" : "as2dist1",
    "node1interface" : "FastEthernet1/0",
    "node2" : "as2dept1",
    "node2interface" : "FastEthernet0/0"
  }, {
    "node1" : "as2dist2",
    "node1interface" : "FastEthernet0/0",
    "node2" : "as2core2",
    "node2interface" : "FastEthernet2/0"
  }, {
    "node1" : "as2dist2",
    "node1interface" : "FastEthernet0/1",
    "node2" : "as2core1",
    "node2interface" : "FastEthernet1/0"
  }, {
    "node1" : "as2dist2",
    "node1interface" : "FastEthernet1/0",
    "node2" : "as2dept1",
    "node2interface" : "FastEthernet0/1"
  }, {
    "node1" : "as3border1",
    "node1interface" : "FastEthernet0/0",
    "node2" : "as2border2",
    "node2interface" : "FastEthernet0/0"
  }, {
    "node1" : "as3border1",
    "node1interface" : "FastEthernet0/1",
    "node2" : "as3core1",
    "node2interface" : "FastEthernet0/1"
  }, {
    "node1" : "as3border2",
    "node1interface" : "FastEthernet0/0",
    "node2" : "as3core1",
    "node2interface" : "FastEthernet0/0"
  }, {
    "node1" : "as3border2",
    "node1interface" : "FastEthernet0/1",
    "node2" : "as1border2",
    "node2interface" : "FastEthernet0/1"
  }, {
    "node1" : "as3core1",
    "node1interface" : "FastEthernet0/0",
    "node2" : "as3border2",
    "node2interface" : "FastEthernet0/0"
  }, {
    "node1" : "as3core1",
    "node1interface" : "FastEthernet0/1",
    "node2" : "as3border1",
    "node2interface" : "FastEthernet0/1"
  }, {
    "node1" : "as3core1",
    "node1interface" : "FastEthernet1/0",
    "node2" : "as3core1",
    "node2interface" : "FastEthernet1/1"
  }, {
    "node1" : "as3core1",
    "node1interface" : "FastEthernet1/1",
    "node2" : "as3core1",
    "node2interface" : "FastEthernet1/0"
  }, {
    "node1" : "host1",
    "node1interface" : "eth0",
    "node2" : "as2dept1",
    "node2interface" : "FastEthernet1/0"
  }, {
    "node1" : "host2",
    "node1interface" : "eth0",
    "node2" : "as2dept1",
    "node2interface" : "FastEthernet1/1"
  } ]
}
. 
Status: SUCCESS
Question: neighbors node1Regex=.* | node2Regex=.* | neighborType=[EBGP]
{
  "class" : "org.batfish.datamodel.answers.NeighborsAnswerElement",
  "ebgpNeighbors" : [ {
    "ip1" : "10.12.11.1",
    "ip2" : "10.12.11.2",
    "node1" : "as1border1",
    "node2" : "as2border1"
  }, {
    "ip1" : "10.13.22.1",
    "ip2" : "10.13.22.3",
    "node1" : "as1border2",
    "node2" : "as3border2"
  }, {
    "ip1" : "10.12.11.2",
    "ip2" : "10.12.11.1",
    "node1" : "as2border1",
    "node2" : "as1border1"
  }, {
    "ip1" : "10.23.21.2",
    "ip2" : "10.23.21.3",
    "node1" : "as2border2",
    "node2" : "as3border1"
  }, {
    "ip1" : "2.34.101.4",
    "ip2" : "2.34.101.3",
    "node1" : "as2dept1",
    "node2" : "as2dist1"
  }, {
    "ip1" : "2.34.201.4",
    "ip2" : "2.34.201.3",
    "node1" : "as2dept1",
    "node2" : "as2dist2"
  }, {
    "ip1" : "2.34.101.3",
    "ip2" : "2.34.101.4",
    "node1" : "as2dist1",
    "node2" : "as2dept1"
  }, {
    "ip1" : "2.34.201.3",
    "ip2" : "2.34.201.4",
    "node1" : "as2dist2",
    "node2" : "as2dept1"
  }, {
    "ip1" : "10.23.21.3",
    "ip2" : "10.23.21.2",
    "node1" : "as3border1",
    "node2" : "as2border2"
  }, {
    "ip1" : "10.13.22.3",
    "ip2" : "10.13.22.1",
    "node1" : "as3border2",
    "node2" : "as1border2"
  } ]
}
. 
Status: SUCCESS
Question: ospfLoopbacks nodeRegex=".*" | verbose=false
{
  "class" : "org.batfish.datamodel.answers.UniqueIpAssignmentsAnswerElement",
  "allIps" : {
    "2.1.1.2" : [ {
      "hostname" : "as2border2",
      "interface" : "Loopback0"
    }, {
      "hostname" : "as2dept1",
      "interface" : "Loopback0"
    } ]
  },
  "enabledIps" : {
    "2.1.1.2" : [ {
      "hostname" : "as2border2",
      "interface" : "Loopback0"
    }, {
      "hostname" : "as2dept1",
      "interface" : "Loopback0"
    } ]
  }
}
. . 
Status: SUCCESS
Question: ospfLoopbacks nodeRegex=".*"
{
  "class" : "org.batfish.datamodel.answers.OspfLoopbacksAnswerElement",
  "active" : {
    "as1border1" : [ "Loopback0" ],
    "as1border2" : [ "Loopback0" ],
    "as1core1" : [ "Loopback0" ],
    "as2border1" : [ "Loopback0" ],
    "as2border2" : [ "Loopback0" ],
    "as2core1" : [ "Loopback0" ],
    "as2core2" : [ "Loopback0" ],
    "as2dist1" : [ "Loopback0" ],
    "as2dist2" : [ "Loopback0" ],
    "as3border1" : [ "Loopback0" ],
    "as3border2" : [ "Loopback0" ],
    "as3core1" : [ "Loopback0" ]
  },
  "inactive" : {
    "as2dept1" : [ "Loopback0" ]
  },
  "passive" : { },
  "running" : {
    "as1border1" : [ "Loopback0" ],
    "as1border2" : [ "Loopback0" ],
    "as1core1" : [ "Loopback0" ],
    "as2border1" : [ "Loopback0" ],
    "as2border2" : [ "Loopback0" ],
    "as2core1" : [ "Loopback0" ],
    "as2core2" : [ "Loopback0" ],
    "as2dist1" : [ "Loopback0" ],
    "as2dist2" : [ "Loopback0" ],
    "as3border1" : [ "Loopback0" ],
    "as3border2" : [ "Loopback0" ],
    "as3core1" : [ "Loopback0" ]
  }
}
. . . . . . . . . . . . 
Status: SUCCESS
Question: traceroute ingressNode=host1 | dstIp=1.0.2.2
Flow: ingress:host1 2.128.0.101->1.0.2.2 IP state:0
  environment:tr_a47d9177-7db9-4460-92d5-84d9c50f70fd:env_default
    Hop 1: host1:eth0 -> as2dept1:FastEthernet1/0
    Hop 2: as2dept1:FastEthernet0/0 -> as2dist1:FastEthernet1/0
    Hop 3: as2dist1:FastEthernet0/0 -> as2core2:FastEthernet1/0
    Hop 4: as2core2:FastEthernet0/1 -> as2border1:FastEthernet1/0
    Hop 5: as2border1:FastEthernet0/0 -> as1border1:FastEthernet0/1
    Hop 6: as1border1:FastEthernet0/0 -> as1core1:FastEthernet0/0
    Disposition: ACCEPTED

    Hop 1: host1:eth0 -> as2dept1:FastEthernet1/0
    Hop 2: as2dept1:FastEthernet0/0 -> as2dist1:FastEthernet1/0
    Hop 3: as2dist1:FastEthernet0/1 -> as2core1:FastEthernet2/0
    Hop 4: as2core1:FastEthernet0/0 -> as2border1:FastEthernet0/1
    Hop 5: as2border1:FastEthernet0/0 -> as1border1:FastEthernet0/1
    Hop 6: as1border1:FastEthernet0/0 -> as1core1:FastEthernet0/0
    Disposition: ACCEPTED

    Hop 1: host1:eth0 -> as2dept1:FastEthernet1/0
    Hop 2: as2dept1:FastEthernet0/1 -> as2dist2:FastEthernet1/0
    Hop 3: as2dist2:FastEthernet0/0 -> as2core2:FastEthernet2/0
    Hop 4: as2core2:FastEthernet0/1 -> as2border1:FastEthernet1/0
    Hop 5: as2border1:FastEthernet0/0 -> as1border1:FastEthernet0/1
    Hop 6: as1border1:FastEthernet0/0 -> as1core1:FastEthernet0/0
    Disposition: ACCEPTED

    Hop 1: host1:eth0 -> as2dept1:FastEthernet1/0
    Hop 2: as2dept1:FastEthernet0/1 -> as2dist2:FastEthernet1/0
    Hop 3: as2dist2:FastEthernet0/1 -> as2core1:FastEthernet1/0
    Hop 4: as2core1:FastEthernet0/0 -> as2border1:FastEthernet0/1
    Hop 5: as2border1:FastEthernet0/0 -> as1border1:FastEthernet0/1
    Hop 6: as1border1:FastEthernet0/0 -> as1core1:FastEthernet0/0
    Disposition: ACCEPTED


. . . . . . . . . . . 
Status: SUCCESS
Question: traceroute ingressNode=as2border1 | dstIp=2.128.0.101 | dstPort=53 | ipProtocol=UDP
Flow: ingress:as2border1 2.1.1.1->2.128.0.101 UDP sport:0 dport:DOMAIN(53) state:0
  environment:tr_a47d9177-7db9-4460-92d5-84d9c50f70fd:env_default
    Hop 1: as2border1:FastEthernet0/1 -> as2core1:FastEthernet0/0
    Hop 2: as2core1:FastEthernet1/0 -> as2dist2:FastEthernet0/1
    Hop 3: as2dist2:FastEthernet1/0 -> as2dept1:FastEthernet0/1
    Hop 4: as2dept1:FastEthernet1/0 -> host1:eth0
    Disposition: ACCEPTED

    Hop 1: as2border1:FastEthernet0/1 -> as2core1:FastEthernet0/0
    Hop 2: as2core1:FastEthernet2/0 -> as2dist1:FastEthernet0/1
    Hop 3: as2dist1:FastEthernet1/0 -> as2dept1:FastEthernet0/0
    Hop 4: as2dept1:FastEthernet1/0 -> host1:eth0
    Disposition: ACCEPTED

    Hop 1: as2border1:FastEthernet1/0 -> as2core2:FastEthernet0/1
    Hop 2: as2core2:FastEthernet1/0 -> as2dist1:FastEthernet0/0
    Hop 3: as2dist1:FastEthernet1/0 -> as2dept1:FastEthernet0/0
    Hop 4: as2dept1:FastEthernet1/0 -> host1:eth0
    Disposition: ACCEPTED

    Hop 1: as2border1:FastEthernet1/0 -> as2core2:FastEthernet0/1
    Hop 2: as2core2:FastEthernet2/0 -> as2dist2:FastEthernet0/0
    Hop 3: as2dist2:FastEthernet1/0 -> as2dept1:FastEthernet0/1
    Hop 4: as2dept1:FastEthernet1/0 -> host1:eth0
    Disposition: ACCEPTED


. . . . . . . . . . . . . 
Status: SUCCESS
Question: reachability actions=[DROP] | dstPrefixes=[2.128.0.101/32] | dstPorts=[[53,53]] | ipProtocols=[[17,17]]
Flow: ingress:as1border1 2.0.0.0->2.128.0.101 UDP sport:0 dport:DOMAIN(53) state:0
  environment:tr_a47d9177-7db9-4460-92d5-84d9c50f70fd:env_default
    Hop 1: as1border1:FastEthernet0/1 -> as2border1:FastEthernet0/0
    Disposition: DENIED_IN{as2border1}{OUTSIDE_TO_INSIDE}{0}

Flow: ingress:as1border2 2.0.0.0->2.128.0.101 UDP sport:0 dport:DOMAIN(53) state:0
  environment:tr_a47d9177-7db9-4460-92d5-84d9c50f70fd:env_default
    Hop 1: as1border2:FastEthernet0/0 -> as1core1:FastEthernet0/1
    Hop 2: as1core1:FastEthernet0/0 -> as1border1:FastEthernet0/0
    Hop 3: as1border1:FastEthernet0/1 -> as2border1:FastEthernet0/0
    Disposition: DENIED_IN{as2border1}{OUTSIDE_TO_INSIDE}{0}

Flow: ingress:as1core1 2.0.0.0->2.128.0.101 UDP sport:0 dport:DOMAIN(53) state:0
  environment:tr_a47d9177-7db9-4460-92d5-84d9c50f70fd:env_default
    Hop 1: as1core1:FastEthernet0/0 -> as1border1:FastEthernet0/0
    Hop 2: as1border1:FastEthernet0/1 -> as2border1:FastEthernet0/0
    Disposition: DENIED_IN{as2border1}{OUTSIDE_TO_INSIDE}{0}

Flow: ingress:as3border1 2.0.0.0->2.128.0.101 UDP sport:0 dport:DOMAIN(53) state:0
  environment:tr_a47d9177-7db9-4460-92d5-84d9c50f70fd:env_default
    Hop 1: as3border1:FastEthernet0/0 -> as2border2:FastEthernet0/0
    Disposition: DENIED_IN{as2border2}{OUTSIDE_TO_INSIDE}{0}

Flow: ingress:as3border2 2.0.0.0->2.128.0.101 UDP sport:0 dport:DOMAIN(53) state:0
  environment:tr_a47d9177-7db9-4460-92d5-84d9c50f70fd:env_default
    Hop 1: as3border2:FastEthernet0/0 -> as3core1:FastEthernet0/0
    Hop 2: as3core1:FastEthernet0/1 -> as3border1:FastEthernet0/1
    Hop 3: as3border1:FastEthernet0/0 -> as2border2:FastEthernet0/0
    Disposition: DENIED_IN{as2border2}{OUTSIDE_TO_INSIDE}{0}

Flow: ingress:as3core1 2.0.0.0->2.128.0.101 UDP sport:0 dport:DOMAIN(53) state:0
  environment:tr_a47d9177-7db9-4460-92d5-84d9c50f70fd:env_default
    Hop 1: as3core1:FastEthernet0/1 -> as3border1:FastEthernet0/1
    Hop 2: as3border1:FastEthernet0/0 -> as2border2:FastEthernet0/0
    Disposition: DENIED_IN{as2border2}{OUTSIDE_TO_INSIDE}{0}

Flow: ingress:host2 0.0.0.0->2.128.0.101 UDP sport:0 dport:DOMAIN(53) state:0
  environment:tr_a47d9177-7db9-4460-92d5-84d9c50f70fd:env_default
    Hop 1: host2:eth0 -> as2dept1:FastEthernet1/1
    Disposition: DENIED_OUT{host2}{filter}{}{OUTPUT}{0}


. . . . . . . . . . . . 
Status: SUCCESS
Question: reachability actions=[ACCEPT] | dstPrefixes=[2.128.1.101/32] | dstPorts=[[23,65535], [0,21]] | ipProtocols=[[7,255], [0,5]]
Flow: ingress:host2 0.0.0.0->2.128.1.101 UDP sport:0 dport:65532 state:0
  environment:tr_a47d9177-7db9-4460-92d5-84d9c50f70fd:env_default
    Disposition: ACCEPTED


. . . . . . . . . . . . 
Status: SUCCESS
Question: reachability actions=[ACCEPT] | dstPrefixes=[2.128.1.101/32] | dstPorts=[[22,22]] | ipProtocols=[[6,6]]
Flow: ingress:as3border1 253.0.0.0->2.128.1.101 TCP sport:0 dport:SSH(22) state:0 tcpFlags:00000000
  environment:tr_a47d9177-7db9-4460-92d5-84d9c50f70fd:env_default
    Hop 1: as3border1:FastEthernet0/0 -> as2border2:FastEthernet0/0
    Hop 2: as2border2:FastEthernet0/1 -> as2core1:FastEthernet0/1
    Hop 3: as2core1:FastEthernet1/0 -> as2dist2:FastEthernet0/1
    Hop 4: as2dist2:FastEthernet1/0 -> as2dept1:FastEthernet0/1
    Hop 5: as2dept1:FastEthernet1/1 -> host2:eth0
    Disposition: ACCEPTED

    Hop 1: as3border1:FastEthernet0/0 -> as2border2:FastEthernet0/0
    Hop 2: as2border2:FastEthernet0/1 -> as2core1:FastEthernet0/1
    Hop 3: as2core1:FastEthernet2/0 -> as2dist1:FastEthernet0/1
    Hop 4: as2dist1:FastEthernet1/0 -> as2dept1:FastEthernet0/0
    Hop 5: as2dept1:FastEthernet1/1 -> host2:eth0
    Disposition: ACCEPTED

    Hop 1: as3border1:FastEthernet0/0 -> as2border2:FastEthernet0/0
    Hop 2: as2border2:FastEthernet1/0 -> as2core2:FastEthernet0/0
    Hop 3: as2core2:FastEthernet1/0 -> as2dist1:FastEthernet0/0
    Hop 4: as2dist1:FastEthernet1/0 -> as2dept1:FastEthernet0/0
    Hop 5: as2dept1:FastEthernet1/1 -> host2:eth0
    Disposition: ACCEPTED

    Hop 1: as3border1:FastEthernet0/0 -> as2border2:FastEthernet0/0
    Hop 2: as2border2:FastEthernet1/0 -> as2core2:FastEthernet0/0
    Hop 3: as2core2:FastEthernet2/0 -> as2dist2:FastEthernet0/0
    Hop 4: as2dist2:FastEthernet1/0 -> as2dept1:FastEthernet0/1
    Hop 5: as2dept1:FastEthernet1/1 -> host2:eth0
    Disposition: ACCEPTED

Flow: ingress:as3border2 253.0.0.0->2.128.1.101 TCP sport:0 dport:SSH(22) state:0 tcpFlags:00000000
  environment:tr_a47d9177-7db9-4460-92d5-84d9c50f70fd:env_default
    Hop 1: as3border2:FastEthernet0/0 -> as3core1:FastEthernet0/0
    Hop 2: as3core1:FastEthernet0/1 -> as3border1:FastEthernet0/1
    Hop 3: as3border1:FastEthernet0/0 -> as2border2:FastEthernet0/0
    Hop 4: as2border2:FastEthernet0/1 -> as2core1:FastEthernet0/1
    Hop 5: as2core1:FastEthernet1/0 -> as2dist2:FastEthernet0/1
    Hop 6: as2dist2:FastEthernet1/0 -> as2dept1:FastEthernet0/1
    Hop 7: as2dept1:FastEthernet1/1 -> host2:eth0
    Disposition: ACCEPTED

    Hop 1: as3border2:FastEthernet0/0 -> as3core1:FastEthernet0/0
    Hop 2: as3core1:FastEthernet0/1 -> as3border1:FastEthernet0/1
    Hop 3: as3border1:FastEthernet0/0 -> as2border2:FastEthernet0/0
    Hop 4: as2border2:FastEthernet0/1 -> as2core1:FastEthernet0/1
    Hop 5: as2core1:FastEthernet2/0 -> as2dist1:FastEthernet0/1
    Hop 6: as2dist1:FastEthernet1/0 -> as2dept1:FastEthernet0/0
    Hop 7: as2dept1:FastEthernet1/1 -> host2:eth0
    Disposition: ACCEPTED

    Hop 1: as3border2:FastEthernet0/0 -> as3core1:FastEthernet0/0
    Hop 2: as3core1:FastEthernet0/1 -> as3border1:FastEthernet0/1
    Hop 3: as3border1:FastEthernet0/0 -> as2border2:FastEthernet0/0
    Hop 4: as2border2:FastEthernet1/0 -> as2core2:FastEthernet0/0
    Hop 5: as2core2:FastEthernet1/0 -> as2dist1:FastEthernet0/0
    Hop 6: as2dist1:FastEthernet1/0 -> as2dept1:FastEthernet0/0
    Hop 7: as2dept1:FastEthernet1/1 -> host2:eth0
    Disposition: ACCEPTED

    Hop 1: as3border2:FastEthernet0/0 -> as3core1:FastEthernet0/0
    Hop 2: as3core1:FastEthernet0/1 -> as3border1:FastEthernet0/1
    Hop 3: as3border1:FastEthernet0/0 -> as2border2:FastEthernet0/0
    Hop 4: as2border2:FastEthernet1/0 -> as2core2:FastEthernet0/0
    Hop 5: as2core2:FastEthernet2/0 -> as2dist2:FastEthernet0/0
    Hop 6: as2dist2:FastEthernet1/0 -> as2dept1:FastEthernet0/1
    Hop 7: as2dept1:FastEthernet1/1 -> host2:eth0
    Disposition: ACCEPTED

Flow: ingress:as3core1 253.0.0.0->2.128.1.101 TCP sport:0 dport:SSH(22) state:0 tcpFlags:00000000
  environment:tr_a47d9177-7db9-4460-92d5-84d9c50f70fd:env_default
    Hop 1: as3core1:FastEthernet0/1 -> as3border1:FastEthernet0/1
    Hop 2: as3border1:FastEthernet0/0 -> as2border2:FastEthernet0/0
    Hop 3: as2border2:FastEthernet0/1 -> as2core1:FastEthernet0/1
    Hop 4: as2core1:FastEthernet1/0 -> as2dist2:FastEthernet0/1
    Hop 5: as2dist2:FastEthernet1/0 -> as2dept1:FastEthernet0/1
    Hop 6: as2dept1:FastEthernet1/1 -> host2:eth0
    Disposition: ACCEPTED

    Hop 1: as3core1:FastEthernet0/1 -> as3border1:FastEthernet0/1
    Hop 2: as3border1:FastEthernet0/0 -> as2border2:FastEthernet0/0
    Hop 3: as2border2:FastEthernet0/1 -> as2core1:FastEthernet0/1
    Hop 4: as2core1:FastEthernet2/0 -> as2dist1:FastEthernet0/1
    Hop 5: as2dist1:FastEthernet1/0 -> as2dept1:FastEthernet0/0
    Hop 6: as2dept1:FastEthernet1/1 -> host2:eth0
    Disposition: ACCEPTED

    Hop 1: as3core1:FastEthernet0/1 -> as3border1:FastEthernet0/1
    Hop 2: as3border1:FastEthernet0/0 -> as2border2:FastEthernet0/0
    Hop 3: as2border2:FastEthernet1/0 -> as2core2:FastEthernet0/0
    Hop 4: as2core2:FastEthernet1/0 -> as2dist1:FastEthernet0/0
    Hop 5: as2dist1:FastEthernet1/0 -> as2dept1:FastEthernet0/0
    Hop 6: as2dept1:FastEthernet1/1 -> host2:eth0
    Disposition: ACCEPTED

    Hop 1: as3core1:FastEthernet0/1 -> as3border1:FastEthernet0/1
    Hop 2: as3border1:FastEthernet0/0 -> as2border2:FastEthernet0/0
    Hop 3: as2border2:FastEthernet1/0 -> as2core2:FastEthernet0/0
    Hop 4: as2core2:FastEthernet2/0 -> as2dist2:FastEthernet0/0
    Hop 5: as2dist2:FastEthernet1/0 -> as2dept1:FastEthernet0/1
    Hop 6: as2dept1:FastEthernet1/1 -> host2:eth0
    Disposition: ACCEPTED


Active delta testrig->environment is now tr_a47d9177-7db9-4460-92d5-84d9c50f70fd->env_1477b359-f795-4ce7-b7c3-73927aa4522b
. . . . . 
Status: SUCCESS
Question: null
{
  "class" : "org.batfish.datamodel.answers.ParseVendorConfigurationAnswerElement",
  "warnings" : { }
}
{
  "class" : "org.batfish.datamodel.answers.ParseVendorConfigurationAnswerElement",
  "warnings" : { }
}
{
  "class" : "org.batfish.datamodel.answers.ConvertConfigurationAnswerElement",
  "warnings" : {
    "as1border1" : {
      "Red flags" : {
        "1" : "MISCELLANEOUS: Could not determine update source for BGP neighbor: '3.2.2.2'",
        "2" : "MISCELLANEOUS: Could not determine update source for BGP neighbor: '5.6.7.8'",
        "3" : "UNUSED: Unused route-map: 'as1_to_as3'",
        "4" : "UNUSED: Unused route-map: 'as3_to_as1'",
        "5" : "UNUSED: Unused prefix-list: 'inbound_route_filter'",
        "6" : "UNUSED: Unused expanded community-list: 'as1_community'"
      }
    },
    "as1border2" : {
      "Red flags" : {
        "1" : "UNUSED: Unused route-map: 'as1_to_as2'",
        "2" : "UNUSED: Unused route-map: 'as2_to_as1'",
        "3" : "UNUSED: Unused prefix-list: 'inbound_route_filter'",
        "4" : "UNUSED: Unused expanded community-list: 'as1_community'"
      }
    },
    "as2border1" : {
      "Red flags" : {
        "1" : "UNUSED: Unused route-map: 'as2_to_as3'",
        "2" : "UNUSED: Unused route-map: 'as3_to_as2'",
        "3" : "UNUSED: Unused prefix-list: 'inbound_route_filter'",
        "4" : "UNUSED: Unused expanded community-list: 'as2_community'"
      }
    },
    "as2border2" : {
      "Red flags" : {
        "1" : "UNUSED: Unused route-map: 'as1_to_as2'",
        "2" : "UNUSED: Unused route-map: 'as2_to_as1'",
        "3" : "UNUSED: Unused prefix-list: 'inbound_route_filter'",
        "4" : "UNUSED: Unused expanded community-list: 'as2_community'"
      }
    },
    "as2core2" : {
      "Red flags" : {
        "1" : "UNDEFINED: neighbor: '2.1.1.1': group: 'as2': undefined reference to inbound policy map: 'filter-bogons'",
        "2" : "UNDEFINED: neighbor: '2.1.3.1': group: 'as2': undefined reference to inbound policy map: 'filter-bogons'",
        "3" : "UNDEFINED: neighbor: '2.1.1.2': group: 'as2': undefined reference to inbound policy map: 'filter-bogons'",
        "4" : "UNDEFINED: neighbor: '2.1.3.2': group: 'as2': undefined reference to inbound policy map: 'filter-bogons'"
      }
    },
    "as2dept1" : {
      "Red flags" : {
        "1" : "UNUSED: Unused extended access-list: '105'"
      }
    },
    "as2dist1" : {
      "Red flags" : {
        "1" : "UNUSED: Unused extended access-list: '102'"
      }
    },
    "as2dist2" : {
      "Red flags" : {
        "1" : "UNUSED: Unused extended access-list: '102'"
      }
    },
    "as3border1" : {
      "Red flags" : {
        "1" : "UNUSED: Unused route-map: 'as1_to_as3'",
        "2" : "UNUSED: Unused route-map: 'as3_to_as1'",
        "3" : "UNUSED: Unused prefix-list: 'inbound_route_filter'",
        "4" : "UNUSED: Unused expanded community-list: 'as3_community'"
      }
    },
    "as3border2" : {
      "Red flags" : {
        "1" : "UNUSED: Unused route-map: 'as2_to_as3'",
        "2" : "UNUSED: Unused route-map: 'as3_to_as2'",
        "3" : "UNUSED: Unused prefix-list: 'inbound_route_filter'",
        "4" : "UNUSED: Unused expanded community-list: 'as3_community'"
      }
    }
  }
}
Generating delta dataplane
. . . . . . . . . . . . . . . . . . . . 
Status: SUCCESS
Question: null
Generated delta dataplane
. . . . . . . . . . . . . . . . . . . . . . . 
Status: SUCCESS
Question: reachability differential=true | actions=[ACCEPT] | type=REDUCED_REACHABILITY
Flow: ingress:as1border1 253.0.0.0->2.128.0.101 TCP sport:0 dport:SSH(22) state:0 tcpFlags:00000000
  environment:tr_a47d9177-7db9-4460-92d5-84d9c50f70fd:env_1477b359-f795-4ce7-b7c3-73927aa4522b
    Hop 1: as1border1:FastEthernet0/1 -> as2border1:FastEthernet0/0
    Hop 2: as2border1:FastEthernet0/1 -> as2core1:FastEthernet0/0
    Hop 3: as2core1:FastEthernet1/0 -> as2dist2:FastEthernet0/1
    Hop 4: as2dist2:FastEthernet1/0 -> as2dept1:FastEthernet0/1
    Hop 5: as2dept1:FastEthernet1/0 -> host1:eth0
    Disposition: DENIED_OUT{as2dept1}{RESTRICT_HOST_TRAFFIC_IN}{1}

    Hop 1: as1border1:FastEthernet0/1 -> as2border1:FastEthernet0/0
    Hop 2: as2border1:FastEthernet0/1 -> as2core1:FastEthernet0/0
    Hop 3: as2core1:FastEthernet2/0 -> as2dist1:FastEthernet0/1
    Hop 4: as2dist1:FastEthernet1/0 -> as2dept1:FastEthernet0/0
    Hop 5: as2dept1:FastEthernet1/0 -> host1:eth0
    Disposition: DENIED_OUT{as2dept1}{RESTRICT_HOST_TRAFFIC_IN}{1}

    Hop 1: as1border1:FastEthernet0/1 -> as2border1:FastEthernet0/0
    Hop 2: as2border1:FastEthernet1/0 -> as2core2:FastEthernet0/1
    Hop 3: as2core2:FastEthernet1/0 -> as2dist1:FastEthernet0/0
    Hop 4: as2dist1:FastEthernet1/0 -> as2dept1:FastEthernet0/0
    Hop 5: as2dept1:FastEthernet1/0 -> host1:eth0
    Disposition: DENIED_OUT{as2dept1}{RESTRICT_HOST_TRAFFIC_IN}{1}

    Hop 1: as1border1:FastEthernet0/1 -> as2border1:FastEthernet0/0
    Hop 2: as2border1:FastEthernet1/0 -> as2core2:FastEthernet0/1
    Hop 3: as2core2:FastEthernet2/0 -> as2dist2:FastEthernet0/0
    Hop 4: as2dist2:FastEthernet1/0 -> as2dept1:FastEthernet0/1
    Hop 5: as2dept1:FastEthernet1/0 -> host1:eth0
    Disposition: DENIED_OUT{as2dept1}{RESTRICT_HOST_TRAFFIC_IN}{1}

  environment:tr_a47d9177-7db9-4460-92d5-84d9c50f70fd:env_default
    Hop 1: as1border1:FastEthernet0/1 -> as2border1:FastEthernet0/0
    Hop 2: as2border1:FastEthernet0/1 -> as2core1:FastEthernet0/0
    Hop 3: as2core1:FastEthernet1/0 -> as2dist2:FastEthernet0/1
    Hop 4: as2dist2:FastEthernet1/0 -> as2dept1:FastEthernet0/1
    Hop 5: as2dept1:FastEthernet1/0 -> host1:eth0
    Disposition: ACCEPTED

    Hop 1: as1border1:FastEthernet0/1 -> as2border1:FastEthernet0/0
    Hop 2: as2border1:FastEthernet0/1 -> as2core1:FastEthernet0/0
    Hop 3: as2core1:FastEthernet2/0 -> as2dist1:FastEthernet0/1
    Hop 4: as2dist1:FastEthernet1/0 -> as2dept1:FastEthernet0/0
    Hop 5: as2dept1:FastEthernet1/0 -> host1:eth0
    Disposition: ACCEPTED

    Hop 1: as1border1:FastEthernet0/1 -> as2border1:FastEthernet0/0
    Hop 2: as2border1:FastEthernet1/0 -> as2core2:FastEthernet0/1
    Hop 3: as2core2:FastEthernet1/0 -> as2dist1:FastEthernet0/0
    Hop 4: as2dist1:FastEthernet1/0 -> as2dept1:FastEthernet0/0
    Hop 5: as2dept1:FastEthernet1/0 -> host1:eth0
    Disposition: ACCEPTED

    Hop 1: as1border1:FastEthernet0/1 -> as2border1:FastEthernet0/0
    Hop 2: as2border1:FastEthernet1/0 -> as2core2:FastEthernet0/1
    Hop 3: as2core2:FastEthernet2/0 -> as2dist2:FastEthernet0/0
    Hop 4: as2dist2:FastEthernet1/0 -> as2dept1:FastEthernet0/1
    Hop 5: as2dept1:FastEthernet1/0 -> host1:eth0
    Disposition: ACCEPTED

Flow: ingress:as1border2 253.0.0.0->2.128.0.101 TCP sport:0 dport:SSH(22) state:0 tcpFlags:00000000
  environment:tr_a47d9177-7db9-4460-92d5-84d9c50f70fd:env_1477b359-f795-4ce7-b7c3-73927aa4522b
    Hop 1: as1border2:FastEthernet0/0 -> as1core1:FastEthernet0/1
    Hop 2: as1core1:FastEthernet0/0 -> as1border1:FastEthernet0/0
    Hop 3: as1border1:FastEthernet0/1 -> as2border1:FastEthernet0/0
    Hop 4: as2border1:FastEthernet0/1 -> as2core1:FastEthernet0/0
    Hop 5: as2core1:FastEthernet1/0 -> as2dist2:FastEthernet0/1
    Hop 6: as2dist2:FastEthernet1/0 -> as2dept1:FastEthernet0/1
    Hop 7: as2dept1:FastEthernet1/0 -> host1:eth0
    Disposition: DENIED_OUT{as2dept1}{RESTRICT_HOST_TRAFFIC_IN}{1}

    Hop 1: as1border2:FastEthernet0/0 -> as1core1:FastEthernet0/1
    Hop 2: as1core1:FastEthernet0/0 -> as1border1:FastEthernet0/0
    Hop 3: as1border1:FastEthernet0/1 -> as2border1:FastEthernet0/0
    Hop 4: as2border1:FastEthernet0/1 -> as2core1:FastEthernet0/0
    Hop 5: as2core1:FastEthernet2/0 -> as2dist1:FastEthernet0/1
    Hop 6: as2dist1:FastEthernet1/0 -> as2dept1:FastEthernet0/0
    Hop 7: as2dept1:FastEthernet1/0 -> host1:eth0
    Disposition: DENIED_OUT{as2dept1}{RESTRICT_HOST_TRAFFIC_IN}{1}

    Hop 1: as1border2:FastEthernet0/0 -> as1core1:FastEthernet0/1
    Hop 2: as1core1:FastEthernet0/0 -> as1border1:FastEthernet0/0
    Hop 3: as1border1:FastEthernet0/1 -> as2border1:FastEthernet0/0
    Hop 4: as2border1:FastEthernet1/0 -> as2core2:FastEthernet0/1
    Hop 5: as2core2:FastEthernet1/0 -> as2dist1:FastEthernet0/0
    Hop 6: as2dist1:FastEthernet1/0 -> as2dept1:FastEthernet0/0
    Hop 7: as2dept1:FastEthernet1/0 -> host1:eth0
    Disposition: DENIED_OUT{as2dept1}{RESTRICT_HOST_TRAFFIC_IN}{1}

    Hop 1: as1border2:FastEthernet0/0 -> as1core1:FastEthernet0/1
    Hop 2: as1core1:FastEthernet0/0 -> as1border1:FastEthernet0/0
    Hop 3: as1border1:FastEthernet0/1 -> as2border1:FastEthernet0/0
    Hop 4: as2border1:FastEthernet1/0 -> as2core2:FastEthernet0/1
    Hop 5: as2core2:FastEthernet2/0 -> as2dist2:FastEthernet0/0
    Hop 6: as2dist2:FastEthernet1/0 -> as2dept1:FastEthernet0/1
    Hop 7: as2dept1:FastEthernet1/0 -> host1:eth0
    Disposition: DENIED_OUT{as2dept1}{RESTRICT_HOST_TRAFFIC_IN}{1}

  environment:tr_a47d9177-7db9-4460-92d5-84d9c50f70fd:env_default
    Hop 1: as1border2:FastEthernet0/0 -> as1core1:FastEthernet0/1
    Hop 2: as1core1:FastEthernet0/0 -> as1border1:FastEthernet0/0
    Hop 3: as1border1:FastEthernet0/1 -> as2border1:FastEthernet0/0
    Hop 4: as2border1:FastEthernet0/1 -> as2core1:FastEthernet0/0
    Hop 5: as2core1:FastEthernet1/0 -> as2dist2:FastEthernet0/1
    Hop 6: as2dist2:FastEthernet1/0 -> as2dept1:FastEthernet0/1
    Hop 7: as2dept1:FastEthernet1/0 -> host1:eth0
    Disposition: ACCEPTED

    Hop 1: as1border2:FastEthernet0/0 -> as1core1:FastEthernet0/1
    Hop 2: as1core1:FastEthernet0/0 -> as1border1:FastEthernet0/0
    Hop 3: as1border1:FastEthernet0/1 -> as2border1:FastEthernet0/0
    Hop 4: as2border1:FastEthernet0/1 -> as2core1:FastEthernet0/0
    Hop 5: as2core1:FastEthernet2/0 -> as2dist1:FastEthernet0/1
    Hop 6: as2dist1:FastEthernet1/0 -> as2dept1:FastEthernet0/0
    Hop 7: as2dept1:FastEthernet1/0 -> host1:eth0
    Disposition: ACCEPTED

    Hop 1: as1border2:FastEthernet0/0 -> as1core1:FastEthernet0/1
    Hop 2: as1core1:FastEthernet0/0 -> as1border1:FastEthernet0/0
    Hop 3: as1border1:FastEthernet0/1 -> as2border1:FastEthernet0/0
    Hop 4: as2border1:FastEthernet1/0 -> as2core2:FastEthernet0/1
    Hop 5: as2core2:FastEthernet1/0 -> as2dist1:FastEthernet0/0
    Hop 6: as2dist1:FastEthernet1/0 -> as2dept1:FastEthernet0/0
    Hop 7: as2dept1:FastEthernet1/0 -> host1:eth0
    Disposition: ACCEPTED

    Hop 1: as1border2:FastEthernet0/0 -> as1core1:FastEthernet0/1
    Hop 2: as1core1:FastEthernet0/0 -> as1border1:FastEthernet0/0
    Hop 3: as1border1:FastEthernet0/1 -> as2border1:FastEthernet0/0
    Hop 4: as2border1:FastEthernet1/0 -> as2core2:FastEthernet0/1
    Hop 5: as2core2:FastEthernet2/0 -> as2dist2:FastEthernet0/0
    Hop 6: as2dist2:FastEthernet1/0 -> as2dept1:FastEthernet0/1
    Hop 7: as2dept1:FastEthernet1/0 -> host1:eth0
    Disposition: ACCEPTED

Flow: ingress:as1core1 253.0.0.0->2.128.0.101 TCP sport:0 dport:SSH(22) state:0 tcpFlags:00000000
  environment:tr_a47d9177-7db9-4460-92d5-84d9c50f70fd:env_1477b359-f795-4ce7-b7c3-73927aa4522b
    Hop 1: as1core1:FastEthernet0/0 -> as1border1:FastEthernet0/0
    Hop 2: as1border1:FastEthernet0/1 -> as2border1:FastEthernet0/0
    Hop 3: as2border1:FastEthernet0/1 -> as2core1:FastEthernet0/0
    Hop 4: as2core1:FastEthernet1/0 -> as2dist2:FastEthernet0/1
    Hop 5: as2dist2:FastEthernet1/0 -> as2dept1:FastEthernet0/1
    Hop 6: as2dept1:FastEthernet1/0 -> host1:eth0
    Disposition: DENIED_OUT{as2dept1}{RESTRICT_HOST_TRAFFIC_IN}{1}

    Hop 1: as1core1:FastEthernet0/0 -> as1border1:FastEthernet0/0
    Hop 2: as1border1:FastEthernet0/1 -> as2border1:FastEthernet0/0
    Hop 3: as2border1:FastEthernet0/1 -> as2core1:FastEthernet0/0
    Hop 4: as2core1:FastEthernet2/0 -> as2dist1:FastEthernet0/1
    Hop 5: as2dist1:FastEthernet1/0 -> as2dept1:FastEthernet0/0
    Hop 6: as2dept1:FastEthernet1/0 -> host1:eth0
    Disposition: DENIED_OUT{as2dept1}{RESTRICT_HOST_TRAFFIC_IN}{1}

    Hop 1: as1core1:FastEthernet0/0 -> as1border1:FastEthernet0/0
    Hop 2: as1border1:FastEthernet0/1 -> as2border1:FastEthernet0/0
    Hop 3: as2border1:FastEthernet1/0 -> as2core2:FastEthernet0/1
    Hop 4: as2core2:FastEthernet1/0 -> as2dist1:FastEthernet0/0
    Hop 5: as2dist1:FastEthernet1/0 -> as2dept1:FastEthernet0/0
    Hop 6: as2dept1:FastEthernet1/0 -> host1:eth0
    Disposition: DENIED_OUT{as2dept1}{RESTRICT_HOST_TRAFFIC_IN}{1}

    Hop 1: as1core1:FastEthernet0/0 -> as1border1:FastEthernet0/0
    Hop 2: as1border1:FastEthernet0/1 -> as2border1:FastEthernet0/0
    Hop 3: as2border1:FastEthernet1/0 -> as2core2:FastEthernet0/1
    Hop 4: as2core2:FastEthernet2/0 -> as2dist2:FastEthernet0/0
    Hop 5: as2dist2:FastEthernet1/0 -> as2dept1:FastEthernet0/1
    Hop 6: as2dept1:FastEthernet1/0 -> host1:eth0
    Disposition: DENIED_OUT{as2dept1}{RESTRICT_HOST_TRAFFIC_IN}{1}

  environment:tr_a47d9177-7db9-4460-92d5-84d9c50f70fd:env_default
    Hop 1: as1core1:FastEthernet0/0 -> as1border1:FastEthernet0/0
    Hop 2: as1border1:FastEthernet0/1 -> as2border1:FastEthernet0/0
    Hop 3: as2border1:FastEthernet0/1 -> as2core1:FastEthernet0/0
    Hop 4: as2core1:FastEthernet1/0 -> as2dist2:FastEthernet0/1
    Hop 5: as2dist2:FastEthernet1/0 -> as2dept1:FastEthernet0/1
    Hop 6: as2dept1:FastEthernet1/0 -> host1:eth0
    Disposition: ACCEPTED

    Hop 1: as1core1:FastEthernet0/0 -> as1border1:FastEthernet0/0
    Hop 2: as1border1:FastEthernet0/1 -> as2border1:FastEthernet0/0
    Hop 3: as2border1:FastEthernet0/1 -> as2core1:FastEthernet0/0
    Hop 4: as2core1:FastEthernet2/0 -> as2dist1:FastEthernet0/1
    Hop 5: as2dist1:FastEthernet1/0 -> as2dept1:FastEthernet0/0
    Hop 6: as2dept1:FastEthernet1/0 -> host1:eth0
    Disposition: ACCEPTED

    Hop 1: as1core1:FastEthernet0/0 -> as1border1:FastEthernet0/0
    Hop 2: as1border1:FastEthernet0/1 -> as2border1:FastEthernet0/0
    Hop 3: as2border1:FastEthernet1/0 -> as2core2:FastEthernet0/1
    Hop 4: as2core2:FastEthernet1/0 -> as2dist1:FastEthernet0/0
    Hop 5: as2dist1:FastEthernet1/0 -> as2dept1:FastEthernet0/0
    Hop 6: as2dept1:FastEthernet1/0 -> host1:eth0
    Disposition: ACCEPTED

    Hop 1: as1core1:FastEthernet0/0 -> as1border1:FastEthernet0/0
    Hop 2: as1border1:FastEthernet0/1 -> as2border1:FastEthernet0/0
    Hop 3: as2border1:FastEthernet1/0 -> as2core2:FastEthernet0/1
    Hop 4: as2core2:FastEthernet2/0 -> as2dist2:FastEthernet0/0
    Hop 5: as2dist2:FastEthernet1/0 -> as2dept1:FastEthernet0/1
    Hop 6: as2dept1:FastEthernet1/0 -> host1:eth0
    Disposition: ACCEPTED

Flow: ingress:as2border1 253.123.0.0->2.128.0.101 TCP sport:0 dport:SSH(22) state:0 tcpFlags:00000000
  environment:tr_a47d9177-7db9-4460-92d5-84d9c50f70fd:env_1477b359-f795-4ce7-b7c3-73927aa4522b
    Hop 1: as2border1:FastEthernet0/1 -> as2core1:FastEthernet0/0
    Hop 2: as2core1:FastEthernet1/0 -> as2dist2:FastEthernet0/1
    Hop 3: as2dist2:FastEthernet1/0 -> as2dept1:FastEthernet0/1
    Hop 4: as2dept1:FastEthernet1/0 -> host1:eth0
    Disposition: DENIED_OUT{as2dept1}{RESTRICT_HOST_TRAFFIC_IN}{1}

    Hop 1: as2border1:FastEthernet0/1 -> as2core1:FastEthernet0/0
    Hop 2: as2core1:FastEthernet2/0 -> as2dist1:FastEthernet0/1
    Hop 3: as2dist1:FastEthernet1/0 -> as2dept1:FastEthernet0/0
    Hop 4: as2dept1:FastEthernet1/0 -> host1:eth0
    Disposition: DENIED_OUT{as2dept1}{RESTRICT_HOST_TRAFFIC_IN}{1}

    Hop 1: as2border1:FastEthernet1/0 -> as2core2:FastEthernet0/1
    Hop 2: as2core2:FastEthernet1/0 -> as2dist1:FastEthernet0/0
    Hop 3: as2dist1:FastEthernet1/0 -> as2dept1:FastEthernet0/0
    Hop 4: as2dept1:FastEthernet1/0 -> host1:eth0
    Disposition: DENIED_OUT{as2dept1}{RESTRICT_HOST_TRAFFIC_IN}{1}

    Hop 1: as2border1:FastEthernet1/0 -> as2core2:FastEthernet0/1
    Hop 2: as2core2:FastEthernet2/0 -> as2dist2:FastEthernet0/0
    Hop 3: as2dist2:FastEthernet1/0 -> as2dept1:FastEthernet0/1
    Hop 4: as2dept1:FastEthernet1/0 -> host1:eth0
    Disposition: DENIED_OUT{as2dept1}{RESTRICT_HOST_TRAFFIC_IN}{1}

  environment:tr_a47d9177-7db9-4460-92d5-84d9c50f70fd:env_default
    Hop 1: as2border1:FastEthernet0/1 -> as2core1:FastEthernet0/0
    Hop 2: as2core1:FastEthernet1/0 -> as2dist2:FastEthernet0/1
    Hop 3: as2dist2:FastEthernet1/0 -> as2dept1:FastEthernet0/1
    Hop 4: as2dept1:FastEthernet1/0 -> host1:eth0
    Disposition: ACCEPTED

    Hop 1: as2border1:FastEthernet0/1 -> as2core1:FastEthernet0/0
    Hop 2: as2core1:FastEthernet2/0 -> as2dist1:FastEthernet0/1
    Hop 3: as2dist1:FastEthernet1/0 -> as2dept1:FastEthernet0/0
    Hop 4: as2dept1:FastEthernet1/0 -> host1:eth0
    Disposition: ACCEPTED

    Hop 1: as2border1:FastEthernet1/0 -> as2core2:FastEthernet0/1
    Hop 2: as2core2:FastEthernet1/0 -> as2dist1:FastEthernet0/0
    Hop 3: as2dist1:FastEthernet1/0 -> as2dept1:FastEthernet0/0
    Hop 4: as2dept1:FastEthernet1/0 -> host1:eth0
    Disposition: ACCEPTED

    Hop 1: as2border1:FastEthernet1/0 -> as2core2:FastEthernet0/1
    Hop 2: as2core2:FastEthernet2/0 -> as2dist2:FastEthernet0/0
    Hop 3: as2dist2:FastEthernet1/0 -> as2dept1:FastEthernet0/1
    Hop 4: as2dept1:FastEthernet1/0 -> host1:eth0
    Disposition: ACCEPTED

Flow: ingress:as2border2 253.123.0.0->2.128.0.101 TCP sport:0 dport:SSH(22) state:0 tcpFlags:00000000
  environment:tr_a47d9177-7db9-4460-92d5-84d9c50f70fd:env_1477b359-f795-4ce7-b7c3-73927aa4522b
    Hop 1: as2border2:FastEthernet0/1 -> as2core1:FastEthernet0/1
    Hop 2: as2core1:FastEthernet1/0 -> as2dist2:FastEthernet0/1
    Hop 3: as2dist2:FastEthernet1/0 -> as2dept1:FastEthernet0/1
    Hop 4: as2dept1:FastEthernet1/0 -> host1:eth0
    Disposition: DENIED_OUT{as2dept1}{RESTRICT_HOST_TRAFFIC_IN}{1}

    Hop 1: as2border2:FastEthernet0/1 -> as2core1:FastEthernet0/1
    Hop 2: as2core1:FastEthernet2/0 -> as2dist1:FastEthernet0/1
    Hop 3: as2dist1:FastEthernet1/0 -> as2dept1:FastEthernet0/0
    Hop 4: as2dept1:FastEthernet1/0 -> host1:eth0
    Disposition: DENIED_OUT{as2dept1}{RESTRICT_HOST_TRAFFIC_IN}{1}

    Hop 1: as2border2:FastEthernet1/0 -> as2core2:FastEthernet0/0
    Hop 2: as2core2:FastEthernet1/0 -> as2dist1:FastEthernet0/0
    Hop 3: as2dist1:FastEthernet1/0 -> as2dept1:FastEthernet0/0
    Hop 4: as2dept1:FastEthernet1/0 -> host1:eth0
    Disposition: DENIED_OUT{as2dept1}{RESTRICT_HOST_TRAFFIC_IN}{1}

    Hop 1: as2border2:FastEthernet1/0 -> as2core2:FastEthernet0/0
    Hop 2: as2core2:FastEthernet2/0 -> as2dist2:FastEthernet0/0
    Hop 3: as2dist2:FastEthernet1/0 -> as2dept1:FastEthernet0/1
    Hop 4: as2dept1:FastEthernet1/0 -> host1:eth0
    Disposition: DENIED_OUT{as2dept1}{RESTRICT_HOST_TRAFFIC_IN}{1}

  environment:tr_a47d9177-7db9-4460-92d5-84d9c50f70fd:env_default
    Hop 1: as2border2:FastEthernet0/1 -> as2core1:FastEthernet0/1
    Hop 2: as2core1:FastEthernet1/0 -> as2dist2:FastEthernet0/1
    Hop 3: as2dist2:FastEthernet1/0 -> as2dept1:FastEthernet0/1
    Hop 4: as2dept1:FastEthernet1/0 -> host1:eth0
    Disposition: ACCEPTED

    Hop 1: as2border2:FastEthernet0/1 -> as2core1:FastEthernet0/1
    Hop 2: as2core1:FastEthernet2/0 -> as2dist1:FastEthernet0/1
    Hop 3: as2dist1:FastEthernet1/0 -> as2dept1:FastEthernet0/0
    Hop 4: as2dept1:FastEthernet1/0 -> host1:eth0
    Disposition: ACCEPTED

    Hop 1: as2border2:FastEthernet1/0 -> as2core2:FastEthernet0/0
    Hop 2: as2core2:FastEthernet1/0 -> as2dist1:FastEthernet0/0
    Hop 3: as2dist1:FastEthernet1/0 -> as2dept1:FastEthernet0/0
    Hop 4: as2dept1:FastEthernet1/0 -> host1:eth0
    Disposition: ACCEPTED

    Hop 1: as2border2:FastEthernet1/0 -> as2core2:FastEthernet0/0
    Hop 2: as2core2:FastEthernet2/0 -> as2dist2:FastEthernet0/0
    Hop 3: as2dist2:FastEthernet1/0 -> as2dept1:FastEthernet0/1
    Hop 4: as2dept1:FastEthernet1/0 -> host1:eth0
    Disposition: ACCEPTED

Flow: ingress:as2core1 253.123.0.0->2.128.0.101 TCP sport:0 dport:SSH(22) state:0 tcpFlags:00000000
  environment:tr_a47d9177-7db9-4460-92d5-84d9c50f70fd:env_1477b359-f795-4ce7-b7c3-73927aa4522b
    Hop 1: as2core1:FastEthernet1/0 -> as2dist2:FastEthernet0/1
    Hop 2: as2dist2:FastEthernet1/0 -> as2dept1:FastEthernet0/1
    Hop 3: as2dept1:FastEthernet1/0 -> host1:eth0
    Disposition: DENIED_OUT{as2dept1}{RESTRICT_HOST_TRAFFIC_IN}{1}

    Hop 1: as2core1:FastEthernet2/0 -> as2dist1:FastEthernet0/1
    Hop 2: as2dist1:FastEthernet1/0 -> as2dept1:FastEthernet0/0
    Hop 3: as2dept1:FastEthernet1/0 -> host1:eth0
    Disposition: DENIED_OUT{as2dept1}{RESTRICT_HOST_TRAFFIC_IN}{1}

  environment:tr_a47d9177-7db9-4460-92d5-84d9c50f70fd:env_default
    Hop 1: as2core1:FastEthernet1/0 -> as2dist2:FastEthernet0/1
    Hop 2: as2dist2:FastEthernet1/0 -> as2dept1:FastEthernet0/1
    Hop 3: as2dept1:FastEthernet1/0 -> host1:eth0
    Disposition: ACCEPTED

    Hop 1: as2core1:FastEthernet2/0 -> as2dist1:FastEthernet0/1
    Hop 2: as2dist1:FastEthernet1/0 -> as2dept1:FastEthernet0/0
    Hop 3: as2dept1:FastEthernet1/0 -> host1:eth0
    Disposition: ACCEPTED

Flow: ingress:as2core2 253.127.0.0->2.128.0.101 TCP sport:0 dport:SSH(22) state:0 tcpFlags:00000000
  environment:tr_a47d9177-7db9-4460-92d5-84d9c50f70fd:env_1477b359-f795-4ce7-b7c3-73927aa4522b
    Hop 1: as2core2:FastEthernet1/0 -> as2dist1:FastEthernet0/0
    Hop 2: as2dist1:FastEthernet1/0 -> as2dept1:FastEthernet0/0
    Hop 3: as2dept1:FastEthernet1/0 -> host1:eth0
    Disposition: DENIED_OUT{as2dept1}{RESTRICT_HOST_TRAFFIC_IN}{1}

    Hop 1: as2core2:FastEthernet2/0 -> as2dist2:FastEthernet0/0
    Hop 2: as2dist2:FastEthernet1/0 -> as2dept1:FastEthernet0/1
    Hop 3: as2dept1:FastEthernet1/0 -> host1:eth0
    Disposition: DENIED_OUT{as2dept1}{RESTRICT_HOST_TRAFFIC_IN}{1}

  environment:tr_a47d9177-7db9-4460-92d5-84d9c50f70fd:env_default
    Hop 1: as2core2:FastEthernet1/0 -> as2dist1:FastEthernet0/0
    Hop 2: as2dist1:FastEthernet1/0 -> as2dept1:FastEthernet0/0
    Hop 3: as2dept1:FastEthernet1/0 -> host1:eth0
    Disposition: ACCEPTED

    Hop 1: as2core2:FastEthernet2/0 -> as2dist2:FastEthernet0/0
    Hop 2: as2dist2:FastEthernet1/0 -> as2dept1:FastEthernet0/1
    Hop 3: as2dept1:FastEthernet1/0 -> host1:eth0
    Disposition: ACCEPTED

Flow: ingress:as2dept1 253.63.0.0->2.128.0.101 UDP sport:0 dport:DOMAIN(53) state:0
  environment:tr_a47d9177-7db9-4460-92d5-84d9c50f70fd:env_1477b359-f795-4ce7-b7c3-73927aa4522b
    Hop 1: as2dept1:FastEthernet1/0 -> host1:eth0
    Disposition: DENIED_OUT{as2dept1}{RESTRICT_HOST_TRAFFIC_IN}{1}

  environment:tr_a47d9177-7db9-4460-92d5-84d9c50f70fd:env_default
    Hop 1: as2dept1:FastEthernet1/0 -> host1:eth0
    Disposition: ACCEPTED

Flow: ingress:as2dist1 253.127.0.0->2.128.0.101 TCP sport:0 dport:SSH(22) state:0 tcpFlags:00000000
  environment:tr_a47d9177-7db9-4460-92d5-84d9c50f70fd:env_1477b359-f795-4ce7-b7c3-73927aa4522b
    Hop 1: as2dist1:FastEthernet1/0 -> as2dept1:FastEthernet0/0
    Hop 2: as2dept1:FastEthernet1/0 -> host1:eth0
    Disposition: DENIED_OUT{as2dept1}{RESTRICT_HOST_TRAFFIC_IN}{1}

  environment:tr_a47d9177-7db9-4460-92d5-84d9c50f70fd:env_default
    Hop 1: as2dist1:FastEthernet1/0 -> as2dept1:FastEthernet0/0
    Hop 2: as2dept1:FastEthernet1/0 -> host1:eth0
    Disposition: ACCEPTED

Flow: ingress:as2dist2 253.127.0.0->2.128.0.101 TCP sport:0 dport:SSH(22) state:0 tcpFlags:00000000
  environment:tr_a47d9177-7db9-4460-92d5-84d9c50f70fd:env_1477b359-f795-4ce7-b7c3-73927aa4522b
    Hop 1: as2dist2:FastEthernet1/0 -> as2dept1:FastEthernet0/1
    Hop 2: as2dept1:FastEthernet1/0 -> host1:eth0
    Disposition: DENIED_OUT{as2dept1}{RESTRICT_HOST_TRAFFIC_IN}{1}

  environment:tr_a47d9177-7db9-4460-92d5-84d9c50f70fd:env_default
    Hop 1: as2dist2:FastEthernet1/0 -> as2dept1:FastEthernet0/1
    Hop 2: as2dept1:FastEthernet1/0 -> host1:eth0
    Disposition: ACCEPTED

Flow: ingress:as3border1 253.0.0.0->2.128.0.101 TCP sport:0 dport:SSH(22) state:0 tcpFlags:00000000
  environment:tr_a47d9177-7db9-4460-92d5-84d9c50f70fd:env_1477b359-f795-4ce7-b7c3-73927aa4522b
    Hop 1: as3border1:FastEthernet0/0 -> as2border2:FastEthernet0/0
    Hop 2: as2border2:FastEthernet0/1 -> as2core1:FastEthernet0/1
    Hop 3: as2core1:FastEthernet1/0 -> as2dist2:FastEthernet0/1
    Hop 4: as2dist2:FastEthernet1/0 -> as2dept1:FastEthernet0/1
    Hop 5: as2dept1:FastEthernet1/0 -> host1:eth0
    Disposition: DENIED_OUT{as2dept1}{RESTRICT_HOST_TRAFFIC_IN}{1}

    Hop 1: as3border1:FastEthernet0/0 -> as2border2:FastEthernet0/0
    Hop 2: as2border2:FastEthernet0/1 -> as2core1:FastEthernet0/1
    Hop 3: as2core1:FastEthernet2/0 -> as2dist1:FastEthernet0/1
    Hop 4: as2dist1:FastEthernet1/0 -> as2dept1:FastEthernet0/0
    Hop 5: as2dept1:FastEthernet1/0 -> host1:eth0
    Disposition: DENIED_OUT{as2dept1}{RESTRICT_HOST_TRAFFIC_IN}{1}

    Hop 1: as3border1:FastEthernet0/0 -> as2border2:FastEthernet0/0
    Hop 2: as2border2:FastEthernet1/0 -> as2core2:FastEthernet0/0
    Hop 3: as2core2:FastEthernet1/0 -> as2dist1:FastEthernet0/0
    Hop 4: as2dist1:FastEthernet1/0 -> as2dept1:FastEthernet0/0
    Hop 5: as2dept1:FastEthernet1/0 -> host1:eth0
    Disposition: DENIED_OUT{as2dept1}{RESTRICT_HOST_TRAFFIC_IN}{1}

    Hop 1: as3border1:FastEthernet0/0 -> as2border2:FastEthernet0/0
    Hop 2: as2border2:FastEthernet1/0 -> as2core2:FastEthernet0/0
    Hop 3: as2core2:FastEthernet2/0 -> as2dist2:FastEthernet0/0
    Hop 4: as2dist2:FastEthernet1/0 -> as2dept1:FastEthernet0/1
    Hop 5: as2dept1:FastEthernet1/0 -> host1:eth0
    Disposition: DENIED_OUT{as2dept1}{RESTRICT_HOST_TRAFFIC_IN}{1}

  environment:tr_a47d9177-7db9-4460-92d5-84d9c50f70fd:env_default
    Hop 1: as3border1:FastEthernet0/0 -> as2border2:FastEthernet0/0
    Hop 2: as2border2:FastEthernet0/1 -> as2core1:FastEthernet0/1
    Hop 3: as2core1:FastEthernet1/0 -> as2dist2:FastEthernet0/1
    Hop 4: as2dist2:FastEthernet1/0 -> as2dept1:FastEthernet0/1
    Hop 5: as2dept1:FastEthernet1/0 -> host1:eth0
    Disposition: ACCEPTED

    Hop 1: as3border1:FastEthernet0/0 -> as2border2:FastEthernet0/0
    Hop 2: as2border2:FastEthernet0/1 -> as2core1:FastEthernet0/1
    Hop 3: as2core1:FastEthernet2/0 -> as2dist1:FastEthernet0/1
    Hop 4: as2dist1:FastEthernet1/0 -> as2dept1:FastEthernet0/0
    Hop 5: as2dept1:FastEthernet1/0 -> host1:eth0
    Disposition: ACCEPTED

    Hop 1: as3border1:FastEthernet0/0 -> as2border2:FastEthernet0/0
    Hop 2: as2border2:FastEthernet1/0 -> as2core2:FastEthernet0/0
    Hop 3: as2core2:FastEthernet1/0 -> as2dist1:FastEthernet0/0
    Hop 4: as2dist1:FastEthernet1/0 -> as2dept1:FastEthernet0/0
    Hop 5: as2dept1:FastEthernet1/0 -> host1:eth0
    Disposition: ACCEPTED

    Hop 1: as3border1:FastEthernet0/0 -> as2border2:FastEthernet0/0
    Hop 2: as2border2:FastEthernet1/0 -> as2core2:FastEthernet0/0
    Hop 3: as2core2:FastEthernet2/0 -> as2dist2:FastEthernet0/0
    Hop 4: as2dist2:FastEthernet1/0 -> as2dept1:FastEthernet0/1
    Hop 5: as2dept1:FastEthernet1/0 -> host1:eth0
    Disposition: ACCEPTED

Flow: ingress:as3border2 253.0.0.0->2.128.0.101 TCP sport:0 dport:SSH(22) state:0 tcpFlags:00000000
  environment:tr_a47d9177-7db9-4460-92d5-84d9c50f70fd:env_1477b359-f795-4ce7-b7c3-73927aa4522b
    Hop 1: as3border2:FastEthernet0/0 -> as3core1:FastEthernet0/0
    Hop 2: as3core1:FastEthernet0/1 -> as3border1:FastEthernet0/1
    Hop 3: as3border1:FastEthernet0/0 -> as2border2:FastEthernet0/0
    Hop 4: as2border2:FastEthernet0/1 -> as2core1:FastEthernet0/1
    Hop 5: as2core1:FastEthernet1/0 -> as2dist2:FastEthernet0/1
    Hop 6: as2dist2:FastEthernet1/0 -> as2dept1:FastEthernet0/1
    Hop 7: as2dept1:FastEthernet1/0 -> host1:eth0
    Disposition: DENIED_OUT{as2dept1}{RESTRICT_HOST_TRAFFIC_IN}{1}

    Hop 1: as3border2:FastEthernet0/0 -> as3core1:FastEthernet0/0
    Hop 2: as3core1:FastEthernet0/1 -> as3border1:FastEthernet0/1
    Hop 3: as3border1:FastEthernet0/0 -> as2border2:FastEthernet0/0
    Hop 4: as2border2:FastEthernet0/1 -> as2core1:FastEthernet0/1
    Hop 5: as2core1:FastEthernet2/0 -> as2dist1:FastEthernet0/1
    Hop 6: as2dist1:FastEthernet1/0 -> as2dept1:FastEthernet0/0
    Hop 7: as2dept1:FastEthernet1/0 -> host1:eth0
    Disposition: DENIED_OUT{as2dept1}{RESTRICT_HOST_TRAFFIC_IN}{1}

    Hop 1: as3border2:FastEthernet0/0 -> as3core1:FastEthernet0/0
    Hop 2: as3core1:FastEthernet0/1 -> as3border1:FastEthernet0/1
    Hop 3: as3border1:FastEthernet0/0 -> as2border2:FastEthernet0/0
    Hop 4: as2border2:FastEthernet1/0 -> as2core2:FastEthernet0/0
    Hop 5: as2core2:FastEthernet1/0 -> as2dist1:FastEthernet0/0
    Hop 6: as2dist1:FastEthernet1/0 -> as2dept1:FastEthernet0/0
    Hop 7: as2dept1:FastEthernet1/0 -> host1:eth0
    Disposition: DENIED_OUT{as2dept1}{RESTRICT_HOST_TRAFFIC_IN}{1}

    Hop 1: as3border2:FastEthernet0/0 -> as3core1:FastEthernet0/0
    Hop 2: as3core1:FastEthernet0/1 -> as3border1:FastEthernet0/1
    Hop 3: as3border1:FastEthernet0/0 -> as2border2:FastEthernet0/0
    Hop 4: as2border2:FastEthernet1/0 -> as2core2:FastEthernet0/0
    Hop 5: as2core2:FastEthernet2/0 -> as2dist2:FastEthernet0/0
    Hop 6: as2dist2:FastEthernet1/0 -> as2dept1:FastEthernet0/1
    Hop 7: as2dept1:FastEthernet1/0 -> host1:eth0
    Disposition: DENIED_OUT{as2dept1}{RESTRICT_HOST_TRAFFIC_IN}{1}

  environment:tr_a47d9177-7db9-4460-92d5-84d9c50f70fd:env_default
    Hop 1: as3border2:FastEthernet0/0 -> as3core1:FastEthernet0/0
    Hop 2: as3core1:FastEthernet0/1 -> as3border1:FastEthernet0/1
    Hop 3: as3border1:FastEthernet0/0 -> as2border2:FastEthernet0/0
    Hop 4: as2border2:FastEthernet0/1 -> as2core1:FastEthernet0/1
    Hop 5: as2core1:FastEthernet1/0 -> as2dist2:FastEthernet0/1
    Hop 6: as2dist2:FastEthernet1/0 -> as2dept1:FastEthernet0/1
    Hop 7: as2dept1:FastEthernet1/0 -> host1:eth0
    Disposition: ACCEPTED

    Hop 1: as3border2:FastEthernet0/0 -> as3core1:FastEthernet0/0
    Hop 2: as3core1:FastEthernet0/1 -> as3border1:FastEthernet0/1
    Hop 3: as3border1:FastEthernet0/0 -> as2border2:FastEthernet0/0
    Hop 4: as2border2:FastEthernet0/1 -> as2core1:FastEthernet0/1
    Hop 5: as2core1:FastEthernet2/0 -> as2dist1:FastEthernet0/1
    Hop 6: as2dist1:FastEthernet1/0 -> as2dept1:FastEthernet0/0
    Hop 7: as2dept1:FastEthernet1/0 -> host1:eth0
    Disposition: ACCEPTED

    Hop 1: as3border2:FastEthernet0/0 -> as3core1:FastEthernet0/0
    Hop 2: as3core1:FastEthernet0/1 -> as3border1:FastEthernet0/1
    Hop 3: as3border1:FastEthernet0/0 -> as2border2:FastEthernet0/0
    Hop 4: as2border2:FastEthernet1/0 -> as2core2:FastEthernet0/0
    Hop 5: as2core2:FastEthernet1/0 -> as2dist1:FastEthernet0/0
    Hop 6: as2dist1:FastEthernet1/0 -> as2dept1:FastEthernet0/0
    Hop 7: as2dept1:FastEthernet1/0 -> host1:eth0
    Disposition: ACCEPTED

    Hop 1: as3border2:FastEthernet0/0 -> as3core1:FastEthernet0/0
    Hop 2: as3core1:FastEthernet0/1 -> as3border1:FastEthernet0/1
    Hop 3: as3border1:FastEthernet0/0 -> as2border2:FastEthernet0/0
    Hop 4: as2border2:FastEthernet1/0 -> as2core2:FastEthernet0/0
    Hop 5: as2core2:FastEthernet2/0 -> as2dist2:FastEthernet0/0
    Hop 6: as2dist2:FastEthernet1/0 -> as2dept1:FastEthernet0/1
    Hop 7: as2dept1:FastEthernet1/0 -> host1:eth0
    Disposition: ACCEPTED

Flow: ingress:as3core1 253.0.0.0->2.128.0.101 TCP sport:0 dport:SSH(22) state:0 tcpFlags:00000000
  environment:tr_a47d9177-7db9-4460-92d5-84d9c50f70fd:env_1477b359-f795-4ce7-b7c3-73927aa4522b
    Hop 1: as3core1:FastEthernet0/1 -> as3border1:FastEthernet0/1
    Hop 2: as3border1:FastEthernet0/0 -> as2border2:FastEthernet0/0
    Hop 3: as2border2:FastEthernet0/1 -> as2core1:FastEthernet0/1
    Hop 4: as2core1:FastEthernet1/0 -> as2dist2:FastEthernet0/1
    Hop 5: as2dist2:FastEthernet1/0 -> as2dept1:FastEthernet0/1
    Hop 6: as2dept1:FastEthernet1/0 -> host1:eth0
    Disposition: DENIED_OUT{as2dept1}{RESTRICT_HOST_TRAFFIC_IN}{1}

    Hop 1: as3core1:FastEthernet0/1 -> as3border1:FastEthernet0/1
    Hop 2: as3border1:FastEthernet0/0 -> as2border2:FastEthernet0/0
    Hop 3: as2border2:FastEthernet0/1 -> as2core1:FastEthernet0/1
    Hop 4: as2core1:FastEthernet2/0 -> as2dist1:FastEthernet0/1
    Hop 5: as2dist1:FastEthernet1/0 -> as2dept1:FastEthernet0/0
    Hop 6: as2dept1:FastEthernet1/0 -> host1:eth0
    Disposition: DENIED_OUT{as2dept1}{RESTRICT_HOST_TRAFFIC_IN}{1}

    Hop 1: as3core1:FastEthernet0/1 -> as3border1:FastEthernet0/1
    Hop 2: as3border1:FastEthernet0/0 -> as2border2:FastEthernet0/0
    Hop 3: as2border2:FastEthernet1/0 -> as2core2:FastEthernet0/0
    Hop 4: as2core2:FastEthernet1/0 -> as2dist1:FastEthernet0/0
    Hop 5: as2dist1:FastEthernet1/0 -> as2dept1:FastEthernet0/0
    Hop 6: as2dept1:FastEthernet1/0 -> host1:eth0
    Disposition: DENIED_OUT{as2dept1}{RESTRICT_HOST_TRAFFIC_IN}{1}

    Hop 1: as3core1:FastEthernet0/1 -> as3border1:FastEthernet0/1
    Hop 2: as3border1:FastEthernet0/0 -> as2border2:FastEthernet0/0
    Hop 3: as2border2:FastEthernet1/0 -> as2core2:FastEthernet0/0
    Hop 4: as2core2:FastEthernet2/0 -> as2dist2:FastEthernet0/0
    Hop 5: as2dist2:FastEthernet1/0 -> as2dept1:FastEthernet0/1
    Hop 6: as2dept1:FastEthernet1/0 -> host1:eth0
    Disposition: DENIED_OUT{as2dept1}{RESTRICT_HOST_TRAFFIC_IN}{1}

  environment:tr_a47d9177-7db9-4460-92d5-84d9c50f70fd:env_default
    Hop 1: as3core1:FastEthernet0/1 -> as3border1:FastEthernet0/1
    Hop 2: as3border1:FastEthernet0/0 -> as2border2:FastEthernet0/0
    Hop 3: as2border2:FastEthernet0/1 -> as2core1:FastEthernet0/1
    Hop 4: as2core1:FastEthernet1/0 -> as2dist2:FastEthernet0/1
    Hop 5: as2dist2:FastEthernet1/0 -> as2dept1:FastEthernet0/1
    Hop 6: as2dept1:FastEthernet1/0 -> host1:eth0
    Disposition: ACCEPTED

    Hop 1: as3core1:FastEthernet0/1 -> as3border1:FastEthernet0/1
    Hop 2: as3border1:FastEthernet0/0 -> as2border2:FastEthernet0/0
    Hop 3: as2border2:FastEthernet0/1 -> as2core1:FastEthernet0/1
    Hop 4: as2core1:FastEthernet2/0 -> as2dist1:FastEthernet0/1
    Hop 5: as2dist1:FastEthernet1/0 -> as2dept1:FastEthernet0/0
    Hop 6: as2dept1:FastEthernet1/0 -> host1:eth0
    Disposition: ACCEPTED

    Hop 1: as3core1:FastEthernet0/1 -> as3border1:FastEthernet0/1
    Hop 2: as3border1:FastEthernet0/0 -> as2border2:FastEthernet0/0
    Hop 3: as2border2:FastEthernet1/0 -> as2core2:FastEthernet0/0
    Hop 4: as2core2:FastEthernet1/0 -> as2dist1:FastEthernet0/0
    Hop 5: as2dist1:FastEthernet1/0 -> as2dept1:FastEthernet0/0
    Hop 6: as2dept1:FastEthernet1/0 -> host1:eth0
    Disposition: ACCEPTED

    Hop 1: as3core1:FastEthernet0/1 -> as3border1:FastEthernet0/1
    Hop 2: as3border1:FastEthernet0/0 -> as2border2:FastEthernet0/0
    Hop 3: as2border2:FastEthernet1/0 -> as2core2:FastEthernet0/0
    Hop 4: as2core2:FastEthernet2/0 -> as2dist2:FastEthernet0/0
    Hop 5: as2dist2:FastEthernet1/0 -> as2dept1:FastEthernet0/1
    Hop 6: as2dept1:FastEthernet1/0 -> host1:eth0
    Disposition: ACCEPTED


. . 
Status: SUCCESS
Question: {
  "class" : "org.batfish.datamodel.questions.EnvironmentCreationQuestion",
  "differential" : false,
  "environmentName" : "env_a6067137-3b52-491e-acdc-e1a73e95776f",
  "interfaceBlacklist" : [ {
    "hostname" : "as2border2",
    "interface" : "FastEthernet0/0"
  } ],
  "nodeBlacklist" : [ ]
}
New environment: 'env_a6067137-3b52-491e-acdc-e1a73e95776f' successfully created from old environment: 'env_default' with supplied parameters
Active delta testrig->environment is now tr_a47d9177-7db9-4460-92d5-84d9c50f70fd->env_a6067137-3b52-491e-acdc-e1a73e95776f
. . . . . . . . . . . . . . . . . . . . . . . . . . . . . . . . . . . . . . . . . . 
Status: SUCCESS
Question: reachability differential=true | actions=[ACCEPT] | type=REDUCED_REACHABILITY
Flow: ingress:as2border1 2.0.0.0->3.0.2.1 UDP sport:0 dport:0 state:0
  environment:tr_a47d9177-7db9-4460-92d5-84d9c50f70fd:env_a6067137-3b52-491e-acdc-e1a73e95776f
    Hop 1: as2border1:FastEthernet0/0 -> as1border1:FastEthernet0/1
    Disposition: DENIED_OUT{as2border1}{INSIDE_TO_OUTSIDE}{1}

  environment:tr_a47d9177-7db9-4460-92d5-84d9c50f70fd:env_default
    Hop 1: as2border1:FastEthernet0/1 -> as2core1:FastEthernet0/0
    Hop 2: as2core1:FastEthernet0/1 -> as2border2:FastEthernet0/1
    Hop 3: as2border2:FastEthernet0/0 -> as3border1:FastEthernet0/0
    Hop 4: as3border1:FastEthernet0/1 -> as3core1:FastEthernet0/1
    Hop 5: as3core1:FastEthernet0/0 -> as3border2:FastEthernet0/0
    Disposition: ACCEPTED

    Hop 1: as2border1:FastEthernet1/0 -> as2core2:FastEthernet0/1
    Hop 2: as2core2:FastEthernet0/0 -> as2border2:FastEthernet1/0
    Hop 3: as2border2:FastEthernet0/0 -> as3border1:FastEthernet0/0
    Hop 4: as3border1:FastEthernet0/1 -> as3core1:FastEthernet0/1
    Hop 5: as3core1:FastEthernet0/0 -> as3border2:FastEthernet0/0
    Disposition: ACCEPTED

Flow: ingress:as2border2 2.0.0.0->3.0.1.1 UDP sport:0 dport:0 state:0
  environment:tr_a47d9177-7db9-4460-92d5-84d9c50f70fd:env_a6067137-3b52-491e-acdc-e1a73e95776f
    Hop 1: as2border2:FastEthernet0/1 -> as2core1:FastEthernet0/1
    Hop 2: as2core1:FastEthernet0/0 -> as2border1:FastEthernet0/1
    Hop 3: as2border1:FastEthernet0/0 -> as1border1:FastEthernet0/1
    Disposition: DENIED_OUT{as2border1}{INSIDE_TO_OUTSIDE}{1}

    Hop 1: as2border2:FastEthernet1/0 -> as2core2:FastEthernet0/0
    Hop 2: as2core2:FastEthernet0/1 -> as2border1:FastEthernet1/0
    Hop 3: as2border1:FastEthernet0/0 -> as1border1:FastEthernet0/1
    Disposition: DENIED_OUT{as2border1}{INSIDE_TO_OUTSIDE}{1}

  environment:tr_a47d9177-7db9-4460-92d5-84d9c50f70fd:env_default
    Hop 1: as2border2:FastEthernet0/0 -> as3border1:FastEthernet0/0
    Disposition: ACCEPTED

Flow: ingress:as2core1 2.0.0.0->3.0.2.1 UDP sport:0 dport:0 state:0
  environment:tr_a47d9177-7db9-4460-92d5-84d9c50f70fd:env_a6067137-3b52-491e-acdc-e1a73e95776f
    Hop 1: as2core1:FastEthernet0/0 -> as2border1:FastEthernet0/1
    Hop 2: as2border1:FastEthernet0/0 -> as1border1:FastEthernet0/1
    Disposition: DENIED_OUT{as2border1}{INSIDE_TO_OUTSIDE}{1}

  environment:tr_a47d9177-7db9-4460-92d5-84d9c50f70fd:env_default
    Hop 1: as2core1:FastEthernet0/1 -> as2border2:FastEthernet0/1
    Hop 2: as2border2:FastEthernet0/0 -> as3border1:FastEthernet0/0
    Hop 3: as3border1:FastEthernet0/1 -> as3core1:FastEthernet0/1
    Hop 4: as3core1:FastEthernet0/0 -> as3border2:FastEthernet0/0
    Disposition: ACCEPTED

Flow: ingress:as2core2 2.0.0.0->3.0.2.1 UDP sport:0 dport:0 state:0
  environment:tr_a47d9177-7db9-4460-92d5-84d9c50f70fd:env_a6067137-3b52-491e-acdc-e1a73e95776f
    Hop 1: as2core2:FastEthernet0/1 -> as2border1:FastEthernet1/0
    Hop 2: as2border1:FastEthernet0/0 -> as1border1:FastEthernet0/1
    Disposition: DENIED_OUT{as2border1}{INSIDE_TO_OUTSIDE}{1}

  environment:tr_a47d9177-7db9-4460-92d5-84d9c50f70fd:env_default
    Hop 1: as2core2:FastEthernet0/0 -> as2border2:FastEthernet1/0
    Hop 2: as2border2:FastEthernet0/0 -> as3border1:FastEthernet0/0
    Hop 3: as3border1:FastEthernet0/1 -> as3core1:FastEthernet0/1
    Hop 4: as3core1:FastEthernet0/0 -> as3border2:FastEthernet0/0
    Disposition: ACCEPTED

Flow: ingress:as2dept1 2.0.0.0->3.0.1.2 UDP sport:0 dport:65484 state:0
  environment:tr_a47d9177-7db9-4460-92d5-84d9c50f70fd:env_a6067137-3b52-491e-acdc-e1a73e95776f
    Hop 1: as2dept1:FastEthernet0/0 -> as2dist1:FastEthernet1/0
    Hop 2: as2dist1:FastEthernet0/0 -> as2core2:FastEthernet1/0
    Hop 3: as2core2:FastEthernet0/1 -> as2border1:FastEthernet1/0
    Hop 4: as2border1:FastEthernet0/0 -> as1border1:FastEthernet0/1
    Disposition: DENIED_OUT{as2border1}{INSIDE_TO_OUTSIDE}{1}

    Hop 1: as2dept1:FastEthernet0/0 -> as2dist1:FastEthernet1/0
    Hop 2: as2dist1:FastEthernet0/1 -> as2core1:FastEthernet2/0
    Hop 3: as2core1:FastEthernet0/0 -> as2border1:FastEthernet0/1
    Hop 4: as2border1:FastEthernet0/0 -> as1border1:FastEthernet0/1
    Disposition: DENIED_OUT{as2border1}{INSIDE_TO_OUTSIDE}{1}

    Hop 1: as2dept1:FastEthernet0/1 -> as2dist2:FastEthernet1/0
    Hop 2: as2dist2:FastEthernet0/0 -> as2core2:FastEthernet2/0
    Hop 3: as2core2:FastEthernet0/1 -> as2border1:FastEthernet1/0
    Hop 4: as2border1:FastEthernet0/0 -> as1border1:FastEthernet0/1
    Disposition: DENIED_OUT{as2border1}{INSIDE_TO_OUTSIDE}{1}

    Hop 1: as2dept1:FastEthernet0/1 -> as2dist2:FastEthernet1/0
    Hop 2: as2dist2:FastEthernet0/1 -> as2core1:FastEthernet1/0
    Hop 3: as2core1:FastEthernet0/0 -> as2border1:FastEthernet0/1
    Hop 4: as2border1:FastEthernet0/0 -> as1border1:FastEthernet0/1
    Disposition: DENIED_OUT{as2border1}{INSIDE_TO_OUTSIDE}{1}

  environment:tr_a47d9177-7db9-4460-92d5-84d9c50f70fd:env_default
    Hop 1: as2dept1:FastEthernet0/0 -> as2dist1:FastEthernet1/0
    Hop 2: as2dist1:FastEthernet0/0 -> as2core2:FastEthernet1/0
    Hop 3: as2core2:FastEthernet0/0 -> as2border2:FastEthernet1/0
    Hop 4: as2border2:FastEthernet0/0 -> as3border1:FastEthernet0/0
    Hop 5: as3border1:FastEthernet0/1 -> as3core1:FastEthernet0/1
    Disposition: ACCEPTED

    Hop 1: as2dept1:FastEthernet0/0 -> as2dist1:FastEthernet1/0
    Hop 2: as2dist1:FastEthernet0/1 -> as2core1:FastEthernet2/0
    Hop 3: as2core1:FastEthernet0/1 -> as2border2:FastEthernet0/1
    Hop 4: as2border2:FastEthernet0/0 -> as3border1:FastEthernet0/0
    Hop 5: as3border1:FastEthernet0/1 -> as3core1:FastEthernet0/1
    Disposition: ACCEPTED

    Hop 1: as2dept1:FastEthernet0/1 -> as2dist2:FastEthernet1/0
    Hop 2: as2dist2:FastEthernet0/0 -> as2core2:FastEthernet2/0
    Hop 3: as2core2:FastEthernet0/0 -> as2border2:FastEthernet1/0
    Hop 4: as2border2:FastEthernet0/0 -> as3border1:FastEthernet0/0
    Hop 5: as3border1:FastEthernet0/1 -> as3core1:FastEthernet0/1
    Disposition: ACCEPTED

    Hop 1: as2dept1:FastEthernet0/1 -> as2dist2:FastEthernet1/0
    Hop 2: as2dist2:FastEthernet0/1 -> as2core1:FastEthernet1/0
    Hop 3: as2core1:FastEthernet0/1 -> as2border2:FastEthernet0/1
    Hop 4: as2border2:FastEthernet0/0 -> as3border1:FastEthernet0/0
    Hop 5: as3border1:FastEthernet0/1 -> as3core1:FastEthernet0/1
    Disposition: ACCEPTED

Flow: ingress:as2dist1 2.0.0.0->3.0.2.1 UDP sport:0 dport:0 state:0
  environment:tr_a47d9177-7db9-4460-92d5-84d9c50f70fd:env_a6067137-3b52-491e-acdc-e1a73e95776f
    Hop 1: as2dist1:FastEthernet0/0 -> as2core2:FastEthernet1/0
    Hop 2: as2core2:FastEthernet0/1 -> as2border1:FastEthernet1/0
    Hop 3: as2border1:FastEthernet0/0 -> as1border1:FastEthernet0/1
    Disposition: DENIED_OUT{as2border1}{INSIDE_TO_OUTSIDE}{1}

    Hop 1: as2dist1:FastEthernet0/1 -> as2core1:FastEthernet2/0
    Hop 2: as2core1:FastEthernet0/0 -> as2border1:FastEthernet0/1
    Hop 3: as2border1:FastEthernet0/0 -> as1border1:FastEthernet0/1
    Disposition: DENIED_OUT{as2border1}{INSIDE_TO_OUTSIDE}{1}

  environment:tr_a47d9177-7db9-4460-92d5-84d9c50f70fd:env_default
    Hop 1: as2dist1:FastEthernet0/0 -> as2core2:FastEthernet1/0
    Hop 2: as2core2:FastEthernet0/0 -> as2border2:FastEthernet1/0
    Hop 3: as2border2:FastEthernet0/0 -> as3border1:FastEthernet0/0
    Hop 4: as3border1:FastEthernet0/1 -> as3core1:FastEthernet0/1
    Hop 5: as3core1:FastEthernet0/0 -> as3border2:FastEthernet0/0
    Disposition: ACCEPTED

    Hop 1: as2dist1:FastEthernet0/1 -> as2core1:FastEthernet2/0
    Hop 2: as2core1:FastEthernet0/1 -> as2border2:FastEthernet0/1
    Hop 3: as2border2:FastEthernet0/0 -> as3border1:FastEthernet0/0
    Hop 4: as3border1:FastEthernet0/1 -> as3core1:FastEthernet0/1
    Hop 5: as3core1:FastEthernet0/0 -> as3border2:FastEthernet0/0
    Disposition: ACCEPTED

Flow: ingress:as2dist2 2.0.0.0->3.0.2.1 UDP sport:0 dport:0 state:0
  environment:tr_a47d9177-7db9-4460-92d5-84d9c50f70fd:env_a6067137-3b52-491e-acdc-e1a73e95776f
    Hop 1: as2dist2:FastEthernet0/0 -> as2core2:FastEthernet2/0
    Hop 2: as2core2:FastEthernet0/1 -> as2border1:FastEthernet1/0
    Hop 3: as2border1:FastEthernet0/0 -> as1border1:FastEthernet0/1
    Disposition: DENIED_OUT{as2border1}{INSIDE_TO_OUTSIDE}{1}

    Hop 1: as2dist2:FastEthernet0/1 -> as2core1:FastEthernet1/0
    Hop 2: as2core1:FastEthernet0/0 -> as2border1:FastEthernet0/1
    Hop 3: as2border1:FastEthernet0/0 -> as1border1:FastEthernet0/1
    Disposition: DENIED_OUT{as2border1}{INSIDE_TO_OUTSIDE}{1}

  environment:tr_a47d9177-7db9-4460-92d5-84d9c50f70fd:env_default
    Hop 1: as2dist2:FastEthernet0/0 -> as2core2:FastEthernet2/0
    Hop 2: as2core2:FastEthernet0/0 -> as2border2:FastEthernet1/0
    Hop 3: as2border2:FastEthernet0/0 -> as3border1:FastEthernet0/0
    Hop 4: as3border1:FastEthernet0/1 -> as3core1:FastEthernet0/1
    Hop 5: as3core1:FastEthernet0/0 -> as3border2:FastEthernet0/0
    Disposition: ACCEPTED

    Hop 1: as2dist2:FastEthernet0/1 -> as2core1:FastEthernet1/0
    Hop 2: as2core1:FastEthernet0/1 -> as2border2:FastEthernet0/1
    Hop 3: as2border2:FastEthernet0/0 -> as3border1:FastEthernet0/0
    Hop 4: as3border1:FastEthernet0/1 -> as3core1:FastEthernet0/1
    Hop 5: as3core1:FastEthernet0/0 -> as3border2:FastEthernet0/0
    Disposition: ACCEPTED

Flow: ingress:as3border1 253.0.0.0->2.128.1.101 TCP sport:0 dport:SSH(22) state:0 tcpFlags:00000000
  environment:tr_a47d9177-7db9-4460-92d5-84d9c50f70fd:env_a6067137-3b52-491e-acdc-e1a73e95776f
    Hop 1: as3border1:FastEthernet0/1 -> as3core1:FastEthernet0/1
    Hop 2: as3core1:FastEthernet0/0 -> as3border2:FastEthernet0/0
    Hop 3: as3border2:FastEthernet0/1 -> as1border2:FastEthernet0/1
    Hop 4: as1border2:FastEthernet0/0 -> as1core1:FastEthernet0/1
    Hop 5: as1core1:FastEthernet0/0 -> as1border1:FastEthernet0/0
    Hop 6: as1border1:FastEthernet0/1 -> as2border1:FastEthernet0/0
    Disposition: DENIED_IN{as2border1}{OUTSIDE_TO_INSIDE}{1}

  environment:tr_a47d9177-7db9-4460-92d5-84d9c50f70fd:env_default
    Hop 1: as3border1:FastEthernet0/0 -> as2border2:FastEthernet0/0
    Hop 2: as2border2:FastEthernet0/1 -> as2core1:FastEthernet0/1
    Hop 3: as2core1:FastEthernet1/0 -> as2dist2:FastEthernet0/1
    Hop 4: as2dist2:FastEthernet1/0 -> as2dept1:FastEthernet0/1
    Hop 5: as2dept1:FastEthernet1/1 -> host2:eth0
    Disposition: ACCEPTED

    Hop 1: as3border1:FastEthernet0/0 -> as2border2:FastEthernet0/0
    Hop 2: as2border2:FastEthernet0/1 -> as2core1:FastEthernet0/1
    Hop 3: as2core1:FastEthernet2/0 -> as2dist1:FastEthernet0/1
    Hop 4: as2dist1:FastEthernet1/0 -> as2dept1:FastEthernet0/0
    Hop 5: as2dept1:FastEthernet1/1 -> host2:eth0
    Disposition: ACCEPTED

    Hop 1: as3border1:FastEthernet0/0 -> as2border2:FastEthernet0/0
    Hop 2: as2border2:FastEthernet1/0 -> as2core2:FastEthernet0/0
    Hop 3: as2core2:FastEthernet1/0 -> as2dist1:FastEthernet0/0
    Hop 4: as2dist1:FastEthernet1/0 -> as2dept1:FastEthernet0/0
    Hop 5: as2dept1:FastEthernet1/1 -> host2:eth0
    Disposition: ACCEPTED

    Hop 1: as3border1:FastEthernet0/0 -> as2border2:FastEthernet0/0
    Hop 2: as2border2:FastEthernet1/0 -> as2core2:FastEthernet0/0
    Hop 3: as2core2:FastEthernet2/0 -> as2dist2:FastEthernet0/0
    Hop 4: as2dist2:FastEthernet1/0 -> as2dept1:FastEthernet0/1
    Hop 5: as2dept1:FastEthernet1/1 -> host2:eth0
    Disposition: ACCEPTED

Flow: ingress:as3border2 253.0.0.0->2.128.1.101 TCP sport:0 dport:SSH(22) state:0 tcpFlags:00000000
  environment:tr_a47d9177-7db9-4460-92d5-84d9c50f70fd:env_a6067137-3b52-491e-acdc-e1a73e95776f
    Hop 1: as3border2:FastEthernet0/1 -> as1border2:FastEthernet0/1
    Hop 2: as1border2:FastEthernet0/0 -> as1core1:FastEthernet0/1
    Hop 3: as1core1:FastEthernet0/0 -> as1border1:FastEthernet0/0
    Hop 4: as1border1:FastEthernet0/1 -> as2border1:FastEthernet0/0
    Disposition: DENIED_IN{as2border1}{OUTSIDE_TO_INSIDE}{1}

  environment:tr_a47d9177-7db9-4460-92d5-84d9c50f70fd:env_default
    Hop 1: as3border2:FastEthernet0/0 -> as3core1:FastEthernet0/0
    Hop 2: as3core1:FastEthernet0/1 -> as3border1:FastEthernet0/1
    Hop 3: as3border1:FastEthernet0/0 -> as2border2:FastEthernet0/0
    Hop 4: as2border2:FastEthernet0/1 -> as2core1:FastEthernet0/1
    Hop 5: as2core1:FastEthernet1/0 -> as2dist2:FastEthernet0/1
    Hop 6: as2dist2:FastEthernet1/0 -> as2dept1:FastEthernet0/1
    Hop 7: as2dept1:FastEthernet1/1 -> host2:eth0
    Disposition: ACCEPTED

    Hop 1: as3border2:FastEthernet0/0 -> as3core1:FastEthernet0/0
    Hop 2: as3core1:FastEthernet0/1 -> as3border1:FastEthernet0/1
    Hop 3: as3border1:FastEthernet0/0 -> as2border2:FastEthernet0/0
    Hop 4: as2border2:FastEthernet0/1 -> as2core1:FastEthernet0/1
    Hop 5: as2core1:FastEthernet2/0 -> as2dist1:FastEthernet0/1
    Hop 6: as2dist1:FastEthernet1/0 -> as2dept1:FastEthernet0/0
    Hop 7: as2dept1:FastEthernet1/1 -> host2:eth0
    Disposition: ACCEPTED

    Hop 1: as3border2:FastEthernet0/0 -> as3core1:FastEthernet0/0
    Hop 2: as3core1:FastEthernet0/1 -> as3border1:FastEthernet0/1
    Hop 3: as3border1:FastEthernet0/0 -> as2border2:FastEthernet0/0
    Hop 4: as2border2:FastEthernet1/0 -> as2core2:FastEthernet0/0
    Hop 5: as2core2:FastEthernet1/0 -> as2dist1:FastEthernet0/0
    Hop 6: as2dist1:FastEthernet1/0 -> as2dept1:FastEthernet0/0
    Hop 7: as2dept1:FastEthernet1/1 -> host2:eth0
    Disposition: ACCEPTED

    Hop 1: as3border2:FastEthernet0/0 -> as3core1:FastEthernet0/0
    Hop 2: as3core1:FastEthernet0/1 -> as3border1:FastEthernet0/1
    Hop 3: as3border1:FastEthernet0/0 -> as2border2:FastEthernet0/0
    Hop 4: as2border2:FastEthernet1/0 -> as2core2:FastEthernet0/0
    Hop 5: as2core2:FastEthernet2/0 -> as2dist2:FastEthernet0/0
    Hop 6: as2dist2:FastEthernet1/0 -> as2dept1:FastEthernet0/1
    Hop 7: as2dept1:FastEthernet1/1 -> host2:eth0
    Disposition: ACCEPTED

Flow: ingress:as3core1 253.0.0.0->2.128.1.101 TCP sport:0 dport:SSH(22) state:0 tcpFlags:00000000
  environment:tr_a47d9177-7db9-4460-92d5-84d9c50f70fd:env_a6067137-3b52-491e-acdc-e1a73e95776f
    Hop 1: as3core1:FastEthernet0/0 -> as3border2:FastEthernet0/0
    Hop 2: as3border2:FastEthernet0/1 -> as1border2:FastEthernet0/1
    Hop 3: as1border2:FastEthernet0/0 -> as1core1:FastEthernet0/1
    Hop 4: as1core1:FastEthernet0/0 -> as1border1:FastEthernet0/0
    Hop 5: as1border1:FastEthernet0/1 -> as2border1:FastEthernet0/0
    Disposition: DENIED_IN{as2border1}{OUTSIDE_TO_INSIDE}{1}

  environment:tr_a47d9177-7db9-4460-92d5-84d9c50f70fd:env_default
    Hop 1: as3core1:FastEthernet0/1 -> as3border1:FastEthernet0/1
    Hop 2: as3border1:FastEthernet0/0 -> as2border2:FastEthernet0/0
    Hop 3: as2border2:FastEthernet0/1 -> as2core1:FastEthernet0/1
    Hop 4: as2core1:FastEthernet1/0 -> as2dist2:FastEthernet0/1
    Hop 5: as2dist2:FastEthernet1/0 -> as2dept1:FastEthernet0/1
    Hop 6: as2dept1:FastEthernet1/1 -> host2:eth0
    Disposition: ACCEPTED

    Hop 1: as3core1:FastEthernet0/1 -> as3border1:FastEthernet0/1
    Hop 2: as3border1:FastEthernet0/0 -> as2border2:FastEthernet0/0
    Hop 3: as2border2:FastEthernet0/1 -> as2core1:FastEthernet0/1
    Hop 4: as2core1:FastEthernet2/0 -> as2dist1:FastEthernet0/1
    Hop 5: as2dist1:FastEthernet1/0 -> as2dept1:FastEthernet0/0
    Hop 6: as2dept1:FastEthernet1/1 -> host2:eth0
    Disposition: ACCEPTED

    Hop 1: as3core1:FastEthernet0/1 -> as3border1:FastEthernet0/1
    Hop 2: as3border1:FastEthernet0/0 -> as2border2:FastEthernet0/0
    Hop 3: as2border2:FastEthernet1/0 -> as2core2:FastEthernet0/0
    Hop 4: as2core2:FastEthernet1/0 -> as2dist1:FastEthernet0/0
    Hop 5: as2dist1:FastEthernet1/0 -> as2dept1:FastEthernet0/0
    Hop 6: as2dept1:FastEthernet1/1 -> host2:eth0
    Disposition: ACCEPTED

    Hop 1: as3core1:FastEthernet0/1 -> as3border1:FastEthernet0/1
    Hop 2: as3border1:FastEthernet0/0 -> as2border2:FastEthernet0/0
    Hop 3: as2border2:FastEthernet1/0 -> as2core2:FastEthernet0/0
    Hop 4: as2core2:FastEthernet2/0 -> as2dist2:FastEthernet0/0
    Hop 5: as2dist2:FastEthernet1/0 -> as2dept1:FastEthernet0/1
    Hop 6: as2dept1:FastEthernet1/1 -> host2:eth0
    Disposition: ACCEPTED

Flow: ingress:host1 2.128.0.0->3.0.1.2 UDP sport:0 dport:0 state:0
  environment:tr_a47d9177-7db9-4460-92d5-84d9c50f70fd:env_a6067137-3b52-491e-acdc-e1a73e95776f
    Hop 1: host1:eth0 -> as2dept1:FastEthernet1/0
    Hop 2: as2dept1:FastEthernet0/0 -> as2dist1:FastEthernet1/0
    Hop 3: as2dist1:FastEthernet0/0 -> as2core2:FastEthernet1/0
    Hop 4: as2core2:FastEthernet0/1 -> as2border1:FastEthernet1/0
    Hop 5: as2border1:FastEthernet0/0 -> as1border1:FastEthernet0/1
    Disposition: DENIED_OUT{as2border1}{INSIDE_TO_OUTSIDE}{1}

    Hop 1: host1:eth0 -> as2dept1:FastEthernet1/0
    Hop 2: as2dept1:FastEthernet0/0 -> as2dist1:FastEthernet1/0
    Hop 3: as2dist1:FastEthernet0/1 -> as2core1:FastEthernet2/0
    Hop 4: as2core1:FastEthernet0/0 -> as2border1:FastEthernet0/1
    Hop 5: as2border1:FastEthernet0/0 -> as1border1:FastEthernet0/1
    Disposition: DENIED_OUT{as2border1}{INSIDE_TO_OUTSIDE}{1}

    Hop 1: host1:eth0 -> as2dept1:FastEthernet1/0
    Hop 2: as2dept1:FastEthernet0/1 -> as2dist2:FastEthernet1/0
    Hop 3: as2dist2:FastEthernet0/0 -> as2core2:FastEthernet2/0
    Hop 4: as2core2:FastEthernet0/1 -> as2border1:FastEthernet1/0
    Hop 5: as2border1:FastEthernet0/0 -> as1border1:FastEthernet0/1
    Disposition: DENIED_OUT{as2border1}{INSIDE_TO_OUTSIDE}{1}

    Hop 1: host1:eth0 -> as2dept1:FastEthernet1/0
    Hop 2: as2dept1:FastEthernet0/1 -> as2dist2:FastEthernet1/0
    Hop 3: as2dist2:FastEthernet0/1 -> as2core1:FastEthernet1/0
    Hop 4: as2core1:FastEthernet0/0 -> as2border1:FastEthernet0/1
    Hop 5: as2border1:FastEthernet0/0 -> as1border1:FastEthernet0/1
    Disposition: DENIED_OUT{as2border1}{INSIDE_TO_OUTSIDE}{1}

  environment:tr_a47d9177-7db9-4460-92d5-84d9c50f70fd:env_default
    Hop 1: host1:eth0 -> as2dept1:FastEthernet1/0
    Hop 2: as2dept1:FastEthernet0/0 -> as2dist1:FastEthernet1/0
    Hop 3: as2dist1:FastEthernet0/0 -> as2core2:FastEthernet1/0
    Hop 4: as2core2:FastEthernet0/0 -> as2border2:FastEthernet1/0
    Hop 5: as2border2:FastEthernet0/0 -> as3border1:FastEthernet0/0
    Hop 6: as3border1:FastEthernet0/1 -> as3core1:FastEthernet0/1
    Disposition: ACCEPTED

    Hop 1: host1:eth0 -> as2dept1:FastEthernet1/0
    Hop 2: as2dept1:FastEthernet0/0 -> as2dist1:FastEthernet1/0
    Hop 3: as2dist1:FastEthernet0/1 -> as2core1:FastEthernet2/0
    Hop 4: as2core1:FastEthernet0/1 -> as2border2:FastEthernet0/1
    Hop 5: as2border2:FastEthernet0/0 -> as3border1:FastEthernet0/0
    Hop 6: as3border1:FastEthernet0/1 -> as3core1:FastEthernet0/1
    Disposition: ACCEPTED

    Hop 1: host1:eth0 -> as2dept1:FastEthernet1/0
    Hop 2: as2dept1:FastEthernet0/1 -> as2dist2:FastEthernet1/0
    Hop 3: as2dist2:FastEthernet0/0 -> as2core2:FastEthernet2/0
    Hop 4: as2core2:FastEthernet0/0 -> as2border2:FastEthernet1/0
    Hop 5: as2border2:FastEthernet0/0 -> as3border1:FastEthernet0/0
    Hop 6: as3border1:FastEthernet0/1 -> as3core1:FastEthernet0/1
    Disposition: ACCEPTED

    Hop 1: host1:eth0 -> as2dept1:FastEthernet1/0
    Hop 2: as2dept1:FastEthernet0/1 -> as2dist2:FastEthernet1/0
    Hop 3: as2dist2:FastEthernet0/1 -> as2core1:FastEthernet1/0
    Hop 4: as2core1:FastEthernet0/1 -> as2border2:FastEthernet0/1
    Hop 5: as2border2:FastEthernet0/0 -> as3border1:FastEthernet0/0
    Hop 6: as3border1:FastEthernet0/1 -> as3core1:FastEthernet0/1
    Disposition: ACCEPTED

Flow: ingress:host2 2.128.0.0->3.0.1.2 ICMP icmpType:255 icmpCode:255 state:0
  environment:tr_a47d9177-7db9-4460-92d5-84d9c50f70fd:env_a6067137-3b52-491e-acdc-e1a73e95776f
    Hop 1: host2:eth0 -> as2dept1:FastEthernet1/1
    Hop 2: as2dept1:FastEthernet0/0 -> as2dist1:FastEthernet1/0
    Hop 3: as2dist1:FastEthernet0/0 -> as2core2:FastEthernet1/0
    Hop 4: as2core2:FastEthernet0/1 -> as2border1:FastEthernet1/0
    Hop 5: as2border1:FastEthernet0/0 -> as1border1:FastEthernet0/1
    Disposition: DENIED_OUT{as2border1}{INSIDE_TO_OUTSIDE}{1}

    Hop 1: host2:eth0 -> as2dept1:FastEthernet1/1
    Hop 2: as2dept1:FastEthernet0/0 -> as2dist1:FastEthernet1/0
    Hop 3: as2dist1:FastEthernet0/1 -> as2core1:FastEthernet2/0
    Hop 4: as2core1:FastEthernet0/0 -> as2border1:FastEthernet0/1
    Hop 5: as2border1:FastEthernet0/0 -> as1border1:FastEthernet0/1
    Disposition: DENIED_OUT{as2border1}{INSIDE_TO_OUTSIDE}{1}

    Hop 1: host2:eth0 -> as2dept1:FastEthernet1/1
    Hop 2: as2dept1:FastEthernet0/1 -> as2dist2:FastEthernet1/0
    Hop 3: as2dist2:FastEthernet0/0 -> as2core2:FastEthernet2/0
    Hop 4: as2core2:FastEthernet0/1 -> as2border1:FastEthernet1/0
    Hop 5: as2border1:FastEthernet0/0 -> as1border1:FastEthernet0/1
    Disposition: DENIED_OUT{as2border1}{INSIDE_TO_OUTSIDE}{1}

    Hop 1: host2:eth0 -> as2dept1:FastEthernet1/1
    Hop 2: as2dept1:FastEthernet0/1 -> as2dist2:FastEthernet1/0
    Hop 3: as2dist2:FastEthernet0/1 -> as2core1:FastEthernet1/0
    Hop 4: as2core1:FastEthernet0/0 -> as2border1:FastEthernet0/1
    Hop 5: as2border1:FastEthernet0/0 -> as1border1:FastEthernet0/1
    Disposition: DENIED_OUT{as2border1}{INSIDE_TO_OUTSIDE}{1}

  environment:tr_a47d9177-7db9-4460-92d5-84d9c50f70fd:env_default
    Hop 1: host2:eth0 -> as2dept1:FastEthernet1/1
    Hop 2: as2dept1:FastEthernet0/0 -> as2dist1:FastEthernet1/0
    Hop 3: as2dist1:FastEthernet0/0 -> as2core2:FastEthernet1/0
    Hop 4: as2core2:FastEthernet0/0 -> as2border2:FastEthernet1/0
    Hop 5: as2border2:FastEthernet0/0 -> as3border1:FastEthernet0/0
    Hop 6: as3border1:FastEthernet0/1 -> as3core1:FastEthernet0/1
    Disposition: ACCEPTED

    Hop 1: host2:eth0 -> as2dept1:FastEthernet1/1
    Hop 2: as2dept1:FastEthernet0/0 -> as2dist1:FastEthernet1/0
    Hop 3: as2dist1:FastEthernet0/1 -> as2core1:FastEthernet2/0
    Hop 4: as2core1:FastEthernet0/1 -> as2border2:FastEthernet0/1
    Hop 5: as2border2:FastEthernet0/0 -> as3border1:FastEthernet0/0
    Hop 6: as3border1:FastEthernet0/1 -> as3core1:FastEthernet0/1
    Disposition: ACCEPTED

    Hop 1: host2:eth0 -> as2dept1:FastEthernet1/1
    Hop 2: as2dept1:FastEthernet0/1 -> as2dist2:FastEthernet1/0
    Hop 3: as2dist2:FastEthernet0/0 -> as2core2:FastEthernet2/0
    Hop 4: as2core2:FastEthernet0/0 -> as2border2:FastEthernet1/0
    Hop 5: as2border2:FastEthernet0/0 -> as3border1:FastEthernet0/0
    Hop 6: as3border1:FastEthernet0/1 -> as3core1:FastEthernet0/1
    Disposition: ACCEPTED

    Hop 1: host2:eth0 -> as2dept1:FastEthernet1/1
    Hop 2: as2dept1:FastEthernet0/1 -> as2dist2:FastEthernet1/0
    Hop 3: as2dist2:FastEthernet0/1 -> as2core1:FastEthernet1/0
    Hop 4: as2core1:FastEthernet0/1 -> as2border2:FastEthernet0/1
    Hop 5: as2border2:FastEthernet0/0 -> as3border1:FastEthernet0/0
    Hop 6: as3border1:FastEthernet0/1 -> as3core1:FastEthernet0/1
    Disposition: ACCEPTED


. . . . . . . . . . . . . 
Status: SUCCESS
Question: reachability actions=[ACCEPT] | type=MULTIPATH
Flow: ingress:as2core2 0.0.0.0->2.1.2.1 TCP sport:0 dport:TELNET(23) state:0 tcpFlags:00000000
  environment:tr_a47d9177-7db9-4460-92d5-84d9c50f70fd:env_default
    Hop 1: as2core2:FastEthernet0/0 -> as2border2:FastEthernet1/0
    Hop 2: as2border2:FastEthernet0/1 -> as2core1:FastEthernet0/1
    Disposition: ACCEPTED

    Hop 1: as2core2:FastEthernet0/1 -> as2border1:FastEthernet1/0
    Hop 2: as2border1:FastEthernet0/1 -> as2core1:FastEthernet0/0
    Disposition: ACCEPTED

    Hop 1: as2core2:FastEthernet1/0 -> as2dist1:FastEthernet0/0
    Hop 2: as2dist1:FastEthernet0/1 -> as2core1:FastEthernet2/0
    Disposition: DENIED_IN{as2core1}{blocktelnet}{0}

    Hop 1: as2core2:FastEthernet2/0 -> as2dist2:FastEthernet0/0
    Hop 2: as2dist2:FastEthernet0/1 -> as2core1:FastEthernet1/0
    Disposition: DENIED_IN{as2core1}{blocktelnet}{0}

Flow: ingress:as2dept1 2.0.0.0->1.0.1.1 TCP sport:0 dport:TELNET(23) state:0 tcpFlags:00000000
  environment:tr_a47d9177-7db9-4460-92d5-84d9c50f70fd:env_default
    Hop 1: as2dept1:FastEthernet0/0 -> as2dist1:FastEthernet1/0
    Hop 2: as2dist1:FastEthernet0/0 -> as2core2:FastEthernet1/0
    Hop 3: as2core2:FastEthernet0/1 -> as2border1:FastEthernet1/0
    Hop 4: as2border1:FastEthernet0/0 -> as1border1:FastEthernet0/1
    Disposition: ACCEPTED

    Hop 1: as2dept1:FastEthernet0/0 -> as2dist1:FastEthernet1/0
    Hop 2: as2dist1:FastEthernet0/1 -> as2core1:FastEthernet2/0
    Disposition: DENIED_IN{as2core1}{blocktelnet}{0}

    Hop 1: as2dept1:FastEthernet0/1 -> as2dist2:FastEthernet1/0
    Hop 2: as2dist2:FastEthernet0/0 -> as2core2:FastEthernet2/0
    Hop 3: as2core2:FastEthernet0/1 -> as2border1:FastEthernet1/0
    Hop 4: as2border1:FastEthernet0/0 -> as1border1:FastEthernet0/1
    Disposition: ACCEPTED

    Hop 1: as2dept1:FastEthernet0/1 -> as2dist2:FastEthernet1/0
    Hop 2: as2dist2:FastEthernet0/1 -> as2core1:FastEthernet1/0
    Disposition: DENIED_IN{as2core1}{blocktelnet}{0}

Flow: ingress:as2dist1 2.0.0.0->2.1.1.1 TCP sport:0 dport:TELNET(23) state:0 tcpFlags:00000000
  environment:tr_a47d9177-7db9-4460-92d5-84d9c50f70fd:env_default
    Hop 1: as2dist1:FastEthernet0/0 -> as2core2:FastEthernet1/0
    Hop 2: as2core2:FastEthernet0/1 -> as2border1:FastEthernet1/0
    Disposition: ACCEPTED

    Hop 1: as2dist1:FastEthernet0/1 -> as2core1:FastEthernet2/0
    Disposition: DENIED_IN{as2core1}{blocktelnet}{0}

Flow: ingress:as2dist2 2.0.0.0->2.1.1.1 TCP sport:0 dport:TELNET(23) state:0 tcpFlags:00000000
  environment:tr_a47d9177-7db9-4460-92d5-84d9c50f70fd:env_default
    Hop 1: as2dist2:FastEthernet0/0 -> as2core2:FastEthernet2/0
    Hop 2: as2core2:FastEthernet0/1 -> as2border1:FastEthernet1/0
    Disposition: ACCEPTED

    Hop 1: as2dist2:FastEthernet0/1 -> as2core1:FastEthernet1/0
    Disposition: DENIED_IN{as2core1}{blocktelnet}{0}

Flow: ingress:host1 2.128.0.0->1.0.1.1 TCP sport:0 dport:TELNET(23) state:0 tcpFlags:00000000
  environment:tr_a47d9177-7db9-4460-92d5-84d9c50f70fd:env_default
    Hop 1: host1:eth0 -> as2dept1:FastEthernet1/0
    Hop 2: as2dept1:FastEthernet0/0 -> as2dist1:FastEthernet1/0
    Hop 3: as2dist1:FastEthernet0/0 -> as2core2:FastEthernet1/0
    Hop 4: as2core2:FastEthernet0/1 -> as2border1:FastEthernet1/0
    Hop 5: as2border1:FastEthernet0/0 -> as1border1:FastEthernet0/1
    Disposition: ACCEPTED

    Hop 1: host1:eth0 -> as2dept1:FastEthernet1/0
    Hop 2: as2dept1:FastEthernet0/0 -> as2dist1:FastEthernet1/0
    Hop 3: as2dist1:FastEthernet0/1 -> as2core1:FastEthernet2/0
    Disposition: DENIED_IN{as2core1}{blocktelnet}{0}

    Hop 1: host1:eth0 -> as2dept1:FastEthernet1/0
    Hop 2: as2dept1:FastEthernet0/1 -> as2dist2:FastEthernet1/0
    Hop 3: as2dist2:FastEthernet0/0 -> as2core2:FastEthernet2/0
    Hop 4: as2core2:FastEthernet0/1 -> as2border1:FastEthernet1/0
    Hop 5: as2border1:FastEthernet0/0 -> as1border1:FastEthernet0/1
    Disposition: ACCEPTED

    Hop 1: host1:eth0 -> as2dept1:FastEthernet1/0
    Hop 2: as2dept1:FastEthernet0/1 -> as2dist2:FastEthernet1/0
    Hop 3: as2dist2:FastEthernet0/1 -> as2core1:FastEthernet1/0
    Disposition: DENIED_IN{as2core1}{blocktelnet}{0}

Flow: ingress:host2 2.128.0.0->1.0.1.1 TCP sport:0 dport:TELNET(23) state:0 tcpFlags:00000000
  environment:tr_a47d9177-7db9-4460-92d5-84d9c50f70fd:env_default
    Hop 1: host2:eth0 -> as2dept1:FastEthernet1/1
    Hop 2: as2dept1:FastEthernet0/0 -> as2dist1:FastEthernet1/0
    Hop 3: as2dist1:FastEthernet0/0 -> as2core2:FastEthernet1/0
    Hop 4: as2core2:FastEthernet0/1 -> as2border1:FastEthernet1/0
    Hop 5: as2border1:FastEthernet0/0 -> as1border1:FastEthernet0/1
    Disposition: ACCEPTED

    Hop 1: host2:eth0 -> as2dept1:FastEthernet1/1
    Hop 2: as2dept1:FastEthernet0/0 -> as2dist1:FastEthernet1/0
    Hop 3: as2dist1:FastEthernet0/1 -> as2core1:FastEthernet2/0
    Disposition: DENIED_IN{as2core1}{blocktelnet}{0}

    Hop 1: host2:eth0 -> as2dept1:FastEthernet1/1
    Hop 2: as2dept1:FastEthernet0/1 -> as2dist2:FastEthernet1/0
    Hop 3: as2dist2:FastEthernet0/0 -> as2core2:FastEthernet2/0
    Hop 4: as2core2:FastEthernet0/1 -> as2border1:FastEthernet1/0
    Hop 5: as2border1:FastEthernet0/0 -> as1border1:FastEthernet0/1
    Disposition: ACCEPTED

    Hop 1: host2:eth0 -> as2dept1:FastEthernet1/1
    Hop 2: as2dept1:FastEthernet0/1 -> as2dist2:FastEthernet1/0
    Hop 3: as2dist2:FastEthernet0/1 -> as2core1:FastEthernet1/0
    Disposition: DENIED_IN{as2core1}{blocktelnet}{0}


